#
# A fatal error has been detected by the Java Runtime Environment:
#
#  SIGSEGV (0xb) at pc=0x00007fff6eeec81d, pid=1020, tid=775
#
# JRE version: Java(TM) SE Runtime Environment (14.0.1+7) (build 14.0.1+7)
# Java VM: Java HotSpot(TM) 64-Bit Server VM (14.0.1+7, mixed mode, sharing, tiered, compressed oops, g1 gc, bsd-amd64)
# Problematic frame:
# C  [libobjc.A.dylib+0x681d]  objc_msgSend+0x1d
#
# No core dump will be written. Core dumps have been disabled. To enable core dumping, try "ulimit -c unlimited" before starting Java again
#
# If you would like to submit a bug report, please visit:
#   https://bugreport.java.com/bugreport/crash.jsp
# The crash happened outside the Java Virtual Machine in native code.
# See problematic frame for where to report the bug.
#

---------------  S U M M A R Y ------------

Command Line: -Djava.library.path=libs/ -javaagent:/Applications/IntelliJ IDEA CE.app/Contents/lib/idea_rt.jar=50050:/Applications/IntelliJ IDEA CE.app/Contents/bin -Dfile.encoding=UTF-8 Main

Host: MacBookPro14,1 x86_64 2300 MHz, 4 cores, 8G, Darwin 19.6.0
Time: Sun Feb  7 14:42:56 2021 PST elapsed time: 1 seconds (0d 0h 0m 1s)

---------------  T H R E A D  ---------------

Current thread (0x00007ff055108800):  JavaThread "AppKit Thread" daemon [_thread_in_native, id=775, stack(0x00007ffeec126000,0x00007ffeec926000)]

Stack: [0x00007ffeec126000,0x00007ffeec926000],  sp=0x00007ffeec921148,  free space=8172k
Native frames: (J=compiled Java code, A=aot compiled Java code, j=interpreted, Vv=VM code, C=native code)
C  [libobjc.A.dylib+0x681d]  objc_msgSend+0x1d
C  [CoreFoundation+0x9de47]  __CFRunLoopDoTimers+0x142
C  [CoreFoundation+0x82bea]  __CFRunLoopRun+0x74f
C  [CoreFoundation+0x81e3e]  CFRunLoopRunSpecific+0x1ce
C  [HIToolbox+0x2fabd]  RunCurrentEventLoopInMode+0x124
C  [HIToolbox+0x2f7d5]  ReceiveNextEventCommon+0x248
C  [HIToolbox+0x2f579]  _BlockUntilNextEventMatchingListInModeWithFilter+0x40
C  [AppKit+0x41039]  _DPSNextEvent+0x373
C  [AppKit+0x3f880]  -[NSApplication(NSEvent) _nextEventMatchingEventMask:untilDate:inMode:dequeue:]+0x548
C  [libosxapp.dylib+0x291e]  -[NSApplicationAWT nextEventMatchingMask:untilDate:inMode:dequeue:]+0x79
C  [AppKit+0x3158e]  -[NSApplication run]+0x292
C  [libosxapp.dylib+0x2763]  +[NSApplicationAWT runAWTLoopWithApp:]+0xde
C  [libawt_lwawt.dylib+0x39051]  +[AWTStarter starter:headless:]+0x342
C  [JavaNativeFoundation+0x6ff9]  +[JNFRunLoop _performCopiedBlock:]+0xf
C  [Foundation+0x9b0ed]  __NSThreadPerformPerform+0xcc
C  [CoreFoundation+0x83d52]  __CFRUNLOOP_IS_CALLING_OUT_TO_A_SOURCE0_PERFORM_FUNCTION__+0x11
C  [CoreFoundation+0x83cf1]  __CFRunLoopDoSource0+0x67
C  [CoreFoundation+0x83b0b]  __CFRunLoopDoSources0+0xd1
C  [CoreFoundation+0x8283a]  __CFRunLoopRun+0x39f
C  [CoreFoundation+0x81e3e]  CFRunLoopRunSpecific+0x1ce
C  [libjli.dylib+0x65c1]  CreateExecutionEnvironment+0x18f
C  [libjli.dylib+0x2752]  JLI_Launch+0x54a
C  [java+0xca9]  main+0x16f
C  [libdyld.dylib+0x1acc9]  start+0x1


siginfo: si_signo: 11 (SIGSEGV), si_code: 1 (SEGV_MAPERR), si_addr: 0x00001ebc00130018

Register to memory mapping:

RAX=0x00001ebc00130000 is an unknown value
RBX=0xf8fe33e7efe8d1ee is an unknown value
RCX=0x00007fff8d9a70c8: OBJC_CLASS_$___NSCFSet+0 in /System/Library/Frameworks/CoreFoundation.framework/Versions/A/CoreFoundation at 0x00007fff35f7e000
RDX=0x00007fff6ef10448: objc_debug_isa_class_mask+0 in /usr/lib/libobjc.A.dylib at 0x00007fff6eee6000
RSP=0x00007ffeec921148 is pointing into the stack for thread: 0x00007ff055108800
RBP=0x00007ffeec9221f0 is pointing into the stack for thread: 0x00007ff055108800
RSI=0x00007fff7a427146: GCC_except_table740+0xb511276 in /usr/lib/libobjc.A.dylib at 0x00007fff6eee6000
RDI=0x00007ff053ee9e60 points into unknown readable memory: 01 00 13 00 bc 9e 47 4c
R8 =0x0000000000000001 is an unknown value
R9 =0x00007ff058908ed0 points into unknown readable memory: 72 63 00 00 00 00 00 00
R10=0x00001ebc00130000 is an unknown value
R11=0x00007fff7a427146: GCC_except_table740+0xb511276 in /usr/lib/libobjc.A.dylib at 0x00007fff6eee6000
R12=0x0701d01634d6d1ee is an unknown value
R13=0x00007ff058908eb8 points into unknown readable memory: 58 54 55 4d 00 00 00 00
R14=0x00007ff058908ea0 points into unknown readable memory: 11 5b 9a 8d ff ff 1d 00
R15=0x00007ff053c0ed20 points into unknown readable memory: 89 65 9a 8d ff ff 1d 00


Registers:
RAX=0x00001ebc00130000, RBX=0xf8fe33e7efe8d1ee, RCX=0x00007fff8d9a70c8, RDX=0x00007fff6ef10448
RSP=0x00007ffeec921148, RBP=0x00007ffeec9221f0, RSI=0x00007fff7a427146, RDI=0x00007ff053ee9e60
R8 =0x0000000000000001, R9 =0x00007ff058908ed0, R10=0x00001ebc00130000, R11=0x00007fff7a427146
R12=0x0701d01634d6d1ee, R13=0x00007ff058908eb8, R14=0x00007ff058908ea0, R15=0x00007ff053c0ed20
RIP=0x00007fff6eeec81d, EFLAGS=0x0000000000010206, ERR=0x0000000000000004
  TRAPNO=0x000000000000000e

Top of Stack: (sp=0x00007ffeec921148)
0x00007ffeec921148:   00007fff3601c4a2 aaaaaaaaaaaaaaaa
0x00007ffeec921158:   00007ff053c0eeb0 000001ff125fd1ee
0x00007ffeec921168:   00007ff053c0ede0 00007ff053c0ed20
0x00007ffeec921178:   00007ff053c0eea0 00007ff053c0ed30
0x00007ffeec921188:   0000000000000000 0000000000000000
0x00007ffeec921198:   aaaaaaaaaaaaaaaa aaaaaaaaaaaaaaaa
0x00007ffeec9211a8:   aaaaaaaaaaaaaaaa aaaaaaaaaaaaaaaa
0x00007ffeec9211b8:   aaaaaaaaaaaaaaaa aaaaaaaaaaaaaaaa
0x00007ffeec9211c8:   aaaaaaaaaaaaaaaa aaaaaaaaaaaaaaaa
0x00007ffeec9211d8:   aaaaaaaaaaaaaaaa aaaaaaaaaaaaaaaa
0x00007ffeec9211e8:   aaaaaaaaaaaaaaaa 00007fff8d9a5d68
0x00007ffeec9211f8:   aaaaaaaaaaaaaaaa 00007fff8d9a5d90
0x00007ffeec921208:   00000003aaaaaaaa 00007ff053cbbc00
0x00007ffeec921218:   aaaaaaaaaaaaaaaa aaaaaaaaaaaaaaaa
0x00007ffeec921228:   aaaaaaaaaaaaaaaa aaaaaaaaaaaaaaaa
0x00007ffeec921238:   aaaaaaaaaaaaaaaa aaaaaaaaaaaaaaaa
0x00007ffeec921248:   aaaaaaaaaaaaaaaa aaaaaaaaaaaaaaaa
0x00007ffeec921258:   aaaaaaaaaaaaaaaa aaaaaaaaaaaaaaaa
0x00007ffeec921268:   aaaaaaaaaaaaaaaa aaaaaaaaaaaaaaaa
0x00007ffeec921278:   aaaaaaaaaaaaaaaa aaaaaaaaaaaaaaaa
0x00007ffeec921288:   aaaaaaaaaaaaaaaa aaaaaaaaaaaaaaaa
0x00007ffeec921298:   aaaaaaaaaaaaaaaa aaaaaaaaaaaaaaaa
0x00007ffeec9212a8:   aaaaaaaaaaaaaaaa aaaaaaaaaaaaaaaa
0x00007ffeec9212b8:   aaaaaaaaaaaaaaaa aaaaaaaaaaaaaaaa
0x00007ffeec9212c8:   aaaaaaaaaaaaaaaa aaaaaaaaaaaaaaaa
0x00007ffeec9212d8:   aaaaaaaaaaaaaaaa aaaaaaaaaaaaaaaa
0x00007ffeec9212e8:   aaaaaaaaaaaaaaaa aaaaaaaaaaaaaaaa
0x00007ffeec9212f8:   aaaaaaaaaaaaaaaa aaaaaaaaaaaaaaaa
0x00007ffeec921308:   aaaaaaaaaaaaaaaa aaaaaaaaaaaaaaaa
0x00007ffeec921318:   aaaaaaaaaaaaaaaa aaaaaaaaaaaaaaaa
0x00007ffeec921328:   aaaaaaaaaaaaaaaa aaaaaaaaaaaaaaaa
0x00007ffeec921338:   aaaaaaaaaaaaaaaa aaaaaaaaaaaaaaaa 

Instructions: (pc=0x00007fff6eeec81d)
0x00007fff6eeec71d:   ff 25 55 09 78 27 f6 40 1c 01 75 e9 e9 f8 75 00
0x00007fff6eeec72d:   00 31 f6 e9 85 6c 00 00 90 90 90 90 90 90 90 90
0x00007fff6eeec73d:   90 90 90 31 c0 31 d2 0f 57 c0 0f 57 c9 c3 90 d9
0x00007fff6eeec74d:   ee 31 c0 31 d2 0f 57 c0 0f 57 c9 c3 0f 1f 00 d9
0x00007fff6eeec75d:   ee d9 ee 31 c0 31 d2 0f 57 c0 0f 57 c9 c3 90 48
0x00007fff6eeec76d:   89 f8 c3 49 89 fa 49 89 f3 45 23 5a 18 49 c1 e3
0x00007fff6eeec77d:   04 4d 03 5a 10 49 3b 33 75 0e 49 8b 43 08 48 83
0x00007fff6eeec78d:   f8 00 74 03 4c 31 d0 c3 49 83 3b 01 76 17 49 83
0x00007fff6eeec79d:   c3 10 49 3b 33 75 f1 49 8b 43 08 48 83 f8 00 74
0x00007fff6eeec7ad:   03 4c 31 d0 c3 72 25 4d 8b 5b 08 eb 0a 49 83 3b
0x00007fff6eeec7bd:   01 76 17 49 83 c3 10 49 3b 33 75 f1 49 8b 43 08
0x00007fff6eeec7cd:   48 83 f8 00 74 03 4c 31 d0 c3 eb 00 31 c0 c3 66
0x00007fff6eeec7dd:   2e 0f 1f 84 00 00 00 00 00 66 2e 0f 1f 84 00 00
0x00007fff6eeec7ed:   00 00 00 66 2e 0f 1f 84 00 00 00 00 00 66 0f 1f
0x00007fff6eeec7fd:   44 00 00 48 85 ff 2e 74 72 40 f6 c7 01 2e 75 76
0x00007fff6eeec80d:   49 ba f8 ff ff ff ff 7f 00 00 4c 23 17 49 89 f3
0x00007fff6eeec81d:   45 23 5a 18 49 c1 e3 04 4d 03 5a 10 49 3b 33 75
0x00007fff6eeec82d:   0a 4d 8b 5b 08 4d 31 d3 41 ff e3 49 83 3b 01 76
0x00007fff6eeec83d:   13 49 83 c3 10 49 3b 33 75 f1 4d 8b 5b 08 4d 31
0x00007fff6eeec84d:   d3 41 ff e3 72 70 4d 8b 5b 08 eb 0a 49 83 3b 01
0x00007fff6eeec85d:   76 13 49 83 c3 10 49 3b 33 75 f1 4d 8b 5b 08 4d
0x00007fff6eeec86d:   31 d3 41 ff e3 eb 4f 0f 1f 40 00 31 c0 31 d2 0f
0x00007fff6eeec87d:   57 c0 0f 57 c9 c3 41 89 fb 41 83 e3 0f 4c 8d 15
0x00007fff6eeec88d:   ff 29 78 27 4f 8b 14 da 4c 8d 1d cc 28 78 27 4d
0x00007fff6eeec89d:   39 d3 0f 85 75 ff ff ff 41 89 fb 41 c1 eb 04 41
0x00007fff6eeec8ad:   81 e3 ff 00 00 00 4c 8d 15 56 2a 78 27 4f 8b 14
0x00007fff6eeec8bd:   da e9 57 ff ff ff e9 88 0a 00 00 66 2e 0f 1f 84
0x00007fff6eeec8cd:   00 00 00 00 00 66 2e 0f 1f 84 00 00 00 00 00 66
0x00007fff6eeec8dd:   2e 0f 1f 84 00 00 00 00 00 66 2e 0f 1f 84 00 00
0x00007fff6eeec8ed:   00 00 00 66 2e 0f 1f 84 00 00 00 00 00 66 0f 1f
0x00007fff6eeec8fd:   44 00 00 48 85 ff 2e 74 6a 40 f6 c7 01 2e 75 6b
0x00007fff6eeec90d:   49 ba f8 ff ff ff ff 7f 00 00 4c 23 17 49 89 f3 


Stack slot to memory mapping:
stack at sp + 0 slots: 0x00007fff3601c4a2: __CFRunLoopDoTimer+0x49e in /System/Library/Frameworks/CoreFoundation.framework/Versions/A/CoreFoundation at 0x00007fff35f7e000
stack at sp + 1 slots: 0xaaaaaaaaaaaaaaaa is an unknown value
stack at sp + 2 slots: 0x00007ff053c0eeb0 points into unknown readable memory: 58 54 55 4d 00 00 00 00
stack at sp + 3 slots: 0x000001ff125fd1ee is an unknown value
stack at sp + 4 slots: 0x00007ff053c0ede0 points into unknown readable memory: 58 54 55 4d 00 00 00 00
stack at sp + 5 slots: 0x00007ff053c0ed20 points into unknown readable memory: 89 65 9a 8d ff ff 1d 00
stack at sp + 6 slots: 0x00007ff053c0eea0 points into unknown readable memory: 89 65 9a 8d ff ff 1d 00
stack at sp + 7 slots: 0x00007ff053c0ed30 points into unknown readable memory: 58 54 55 4d 00 00 00 00


---------------  P R O C E S S  ---------------

Threads class SMR info:
_java_thread_list=0x00007ff05891f250, length=14, elements={
0x00007ff055012800, 0x00007ff056023800, 0x00007ff054808800, 0x00007ff056025800,
0x00007ff0550a4800, 0x00007ff05482d800, 0x00007ff05483e800, 0x00007ff0550a5000,
0x00007ff05481f000, 0x00007ff05609b000, 0x00007ff0550ee800, 0x00007ff055108800,
0x00007ff0548de800, 0x00007ff0548f5000
}

Java Threads: ( => current thread )
  0x00007ff055012800 JavaThread "main" [_thread_in_native, id=10243, stack(0x0000700007309000,0x0000700007409000)]
  0x00007ff056023800 JavaThread "Reference Handler" daemon [_thread_blocked, id=17667, stack(0x0000700007a1e000,0x0000700007b1e000)]
  0x00007ff054808800 JavaThread "Finalizer" daemon [_thread_blocked, id=14595, stack(0x0000700007b21000,0x0000700007c21000)]
  0x00007ff056025800 JavaThread "Signal Dispatcher" daemon [_thread_blocked, id=22019, stack(0x0000700007dad000,0x0000700007ead000)]
  0x00007ff0550a4800 JavaThread "Service Thread" daemon [_thread_blocked, id=22531, stack(0x0000700007eb0000,0x0000700007fb0000)]
  0x00007ff05482d800 JavaThread "C2 CompilerThread0" daemon [_thread_blocked, id=23043, stack(0x0000700007fb3000,0x00007000080b3000)]
  0x00007ff05483e800 JavaThread "C1 CompilerThread0" daemon [_thread_blocked, id=23299, stack(0x00007000080b6000,0x00007000081b6000)]
  0x00007ff0550a5000 JavaThread "Sweeper thread" daemon [_thread_blocked, id=23811, stack(0x00007000081b9000,0x00007000082b9000)]
  0x00007ff05481f000 JavaThread "Common-Cleaner" daemon [_thread_blocked, id=41475, stack(0x00007000082bc000,0x00007000083bc000)]
  0x00007ff05609b000 JavaThread "Monitor Ctrl-Break" daemon [_thread_in_native, id=40707, stack(0x00007000083bf000,0x00007000084bf000)]
  0x00007ff0550ee800 JavaThread "Notification Thread" daemon [_thread_blocked, id=40451, stack(0x00007000084c2000,0x00007000085c2000)]
=>0x00007ff055108800 JavaThread "AppKit Thread" daemon [_thread_in_native, id=775, stack(0x00007ffeec126000,0x00007ffeec926000)]
  0x00007ff0548de800 JavaThread "AWT-Shutdown" [_thread_blocked, id=33539, stack(0x00007000086c8000,0x00007000087c8000)]
  0x00007ff0548f5000 JavaThread "Attach Listener" daemon [_thread_blocked, id=60679, stack(0x00007000089d7000,0x0000700008ad7000)]

Other Threads:
  0x00007ff056022800 VMThread "VM Thread" [stack: 0x000070000791b000,0x0000700007a1b000] [id=17923]
  0x00007ff05400c800 WatcherThread [stack: 0x00007000085c5000,0x00007000086c5000] [id=24835]
  0x00007ff055034000 GCTaskThread "GC Thread#0" [stack: 0x000070000740c000,0x000070000750c000] [id=12547]
  0x00007ff05481a800 ConcurrentGCThread "G1 Main Marker" [stack: 0x000070000750f000,0x000070000760f000] [id=19715]
  0x00007ff055034800 ConcurrentGCThread "G1 Conc#0" [stack: 0x0000700007612000,0x0000700007712000] [id=12803]
  0x00007ff055085800 ConcurrentGCThread "G1 Refine#0" [stack: 0x0000700007715000,0x0000700007815000] [id=13059]
  0x00007ff055086000 ConcurrentGCThread "G1 Young RemSet Sampling" [stack: 0x0000700007818000,0x0000700007918000] [id=13315]

Threads with active compile tasks:

VM state:not at safepoint (normal execution)

VM Mutex/Monitor currently owned by a thread: None

Heap address: 0x0000000780000000, size: 2048 MB, Compressed Oops mode: Zero based, Oop shift amount: 3
Narrow klass base: 0x0000000800000000, Narrow klass shift: 3
Compressed class space size: 1073741824 Address: 0x0000000800b05000

Heap:
 garbage-first heap   total 133120K, used 4912K [0x0000000780000000, 0x0000000800000000)
  region size 1024K, 6 young (6144K), 0 survivors (0K)
 Metaspace       used 3436K, capacity 5675K, committed 6016K, reserved 1056768K
  class space    used 289K, capacity 521K, committed 640K, reserved 1048576K
Heap Regions: E=young(eden), S=young(survivor), O=old, HS=humongous(starts), HC=humongous(continues), CS=collection set, F=free, OA=open archive, CA=closed archive, TAMS=top-at-mark-start (previous, next)
|   0|0x0000000780000000, 0x0000000780000000, 0x0000000780100000|  0%| F|  |TAMS 0x0000000780000000, 0x0000000780000000| Untracked 
|   1|0x0000000780100000, 0x0000000780100000, 0x0000000780200000|  0%| F|  |TAMS 0x0000000780100000, 0x0000000780100000| Untracked 
|   2|0x0000000780200000, 0x0000000780200000, 0x0000000780300000|  0%| F|  |TAMS 0x0000000780200000, 0x0000000780200000| Untracked 
|   3|0x0000000780300000, 0x0000000780300000, 0x0000000780400000|  0%| F|  |TAMS 0x0000000780300000, 0x0000000780300000| Untracked 
|   4|0x0000000780400000, 0x0000000780400000, 0x0000000780500000|  0%| F|  |TAMS 0x0000000780400000, 0x0000000780400000| Untracked 
|   5|0x0000000780500000, 0x0000000780500000, 0x0000000780600000|  0%| F|  |TAMS 0x0000000780500000, 0x0000000780500000| Untracked 
|   6|0x0000000780600000, 0x0000000780600000, 0x0000000780700000|  0%| F|  |TAMS 0x0000000780600000, 0x0000000780600000| Untracked 
|   7|0x0000000780700000, 0x0000000780700000, 0x0000000780800000|  0%| F|  |TAMS 0x0000000780700000, 0x0000000780700000| Untracked 
|   8|0x0000000780800000, 0x0000000780800000, 0x0000000780900000|  0%| F|  |TAMS 0x0000000780800000, 0x0000000780800000| Untracked 
|   9|0x0000000780900000, 0x0000000780900000, 0x0000000780a00000|  0%| F|  |TAMS 0x0000000780900000, 0x0000000780900000| Untracked 
|  10|0x0000000780a00000, 0x0000000780a00000, 0x0000000780b00000|  0%| F|  |TAMS 0x0000000780a00000, 0x0000000780a00000| Untracked 
|  11|0x0000000780b00000, 0x0000000780b00000, 0x0000000780c00000|  0%| F|  |TAMS 0x0000000780b00000, 0x0000000780b00000| Untracked 
|  12|0x0000000780c00000, 0x0000000780c00000, 0x0000000780d00000|  0%| F|  |TAMS 0x0000000780c00000, 0x0000000780c00000| Untracked 
|  13|0x0000000780d00000, 0x0000000780d00000, 0x0000000780e00000|  0%| F|  |TAMS 0x0000000780d00000, 0x0000000780d00000| Untracked 
|  14|0x0000000780e00000, 0x0000000780e00000, 0x0000000780f00000|  0%| F|  |TAMS 0x0000000780e00000, 0x0000000780e00000| Untracked 
|  15|0x0000000780f00000, 0x0000000780f00000, 0x0000000781000000|  0%| F|  |TAMS 0x0000000780f00000, 0x0000000780f00000| Untracked 
|  16|0x0000000781000000, 0x0000000781000000, 0x0000000781100000|  0%| F|  |TAMS 0x0000000781000000, 0x0000000781000000| Untracked 
|  17|0x0000000781100000, 0x0000000781100000, 0x0000000781200000|  0%| F|  |TAMS 0x0000000781100000, 0x0000000781100000| Untracked 
|  18|0x0000000781200000, 0x0000000781200000, 0x0000000781300000|  0%| F|  |TAMS 0x0000000781200000, 0x0000000781200000| Untracked 
|  19|0x0000000781300000, 0x0000000781300000, 0x0000000781400000|  0%| F|  |TAMS 0x0000000781300000, 0x0000000781300000| Untracked 
|  20|0x0000000781400000, 0x0000000781400000, 0x0000000781500000|  0%| F|  |TAMS 0x0000000781400000, 0x0000000781400000| Untracked 
|  21|0x0000000781500000, 0x0000000781500000, 0x0000000781600000|  0%| F|  |TAMS 0x0000000781500000, 0x0000000781500000| Untracked 
|  22|0x0000000781600000, 0x0000000781600000, 0x0000000781700000|  0%| F|  |TAMS 0x0000000781600000, 0x0000000781600000| Untracked 
|  23|0x0000000781700000, 0x0000000781700000, 0x0000000781800000|  0%| F|  |TAMS 0x0000000781700000, 0x0000000781700000| Untracked 
|  24|0x0000000781800000, 0x0000000781800000, 0x0000000781900000|  0%| F|  |TAMS 0x0000000781800000, 0x0000000781800000| Untracked 
|  25|0x0000000781900000, 0x0000000781900000, 0x0000000781a00000|  0%| F|  |TAMS 0x0000000781900000, 0x0000000781900000| Untracked 
|  26|0x0000000781a00000, 0x0000000781a00000, 0x0000000781b00000|  0%| F|  |TAMS 0x0000000781a00000, 0x0000000781a00000| Untracked 
|  27|0x0000000781b00000, 0x0000000781b00000, 0x0000000781c00000|  0%| F|  |TAMS 0x0000000781b00000, 0x0000000781b00000| Untracked 
|  28|0x0000000781c00000, 0x0000000781c00000, 0x0000000781d00000|  0%| F|  |TAMS 0x0000000781c00000, 0x0000000781c00000| Untracked 
|  29|0x0000000781d00000, 0x0000000781d00000, 0x0000000781e00000|  0%| F|  |TAMS 0x0000000781d00000, 0x0000000781d00000| Untracked 
|  30|0x0000000781e00000, 0x0000000781e00000, 0x0000000781f00000|  0%| F|  |TAMS 0x0000000781e00000, 0x0000000781e00000| Untracked 
|  31|0x0000000781f00000, 0x0000000781f00000, 0x0000000782000000|  0%| F|  |TAMS 0x0000000781f00000, 0x0000000781f00000| Untracked 
|  32|0x0000000782000000, 0x0000000782000000, 0x0000000782100000|  0%| F|  |TAMS 0x0000000782000000, 0x0000000782000000| Untracked 
|  33|0x0000000782100000, 0x0000000782100000, 0x0000000782200000|  0%| F|  |TAMS 0x0000000782100000, 0x0000000782100000| Untracked 
|  34|0x0000000782200000, 0x0000000782200000, 0x0000000782300000|  0%| F|  |TAMS 0x0000000782200000, 0x0000000782200000| Untracked 
|  35|0x0000000782300000, 0x0000000782300000, 0x0000000782400000|  0%| F|  |TAMS 0x0000000782300000, 0x0000000782300000| Untracked 
|  36|0x0000000782400000, 0x0000000782400000, 0x0000000782500000|  0%| F|  |TAMS 0x0000000782400000, 0x0000000782400000| Untracked 
|  37|0x0000000782500000, 0x0000000782500000, 0x0000000782600000|  0%| F|  |TAMS 0x0000000782500000, 0x0000000782500000| Untracked 
|  38|0x0000000782600000, 0x0000000782600000, 0x0000000782700000|  0%| F|  |TAMS 0x0000000782600000, 0x0000000782600000| Untracked 
|  39|0x0000000782700000, 0x0000000782700000, 0x0000000782800000|  0%| F|  |TAMS 0x0000000782700000, 0x0000000782700000| Untracked 
|  40|0x0000000782800000, 0x0000000782800000, 0x0000000782900000|  0%| F|  |TAMS 0x0000000782800000, 0x0000000782800000| Untracked 
|  41|0x0000000782900000, 0x0000000782900000, 0x0000000782a00000|  0%| F|  |TAMS 0x0000000782900000, 0x0000000782900000| Untracked 
|  42|0x0000000782a00000, 0x0000000782a00000, 0x0000000782b00000|  0%| F|  |TAMS 0x0000000782a00000, 0x0000000782a00000| Untracked 
|  43|0x0000000782b00000, 0x0000000782b00000, 0x0000000782c00000|  0%| F|  |TAMS 0x0000000782b00000, 0x0000000782b00000| Untracked 
|  44|0x0000000782c00000, 0x0000000782c00000, 0x0000000782d00000|  0%| F|  |TAMS 0x0000000782c00000, 0x0000000782c00000| Untracked 
|  45|0x0000000782d00000, 0x0000000782d00000, 0x0000000782e00000|  0%| F|  |TAMS 0x0000000782d00000, 0x0000000782d00000| Untracked 
|  46|0x0000000782e00000, 0x0000000782e00000, 0x0000000782f00000|  0%| F|  |TAMS 0x0000000782e00000, 0x0000000782e00000| Untracked 
|  47|0x0000000782f00000, 0x0000000782f00000, 0x0000000783000000|  0%| F|  |TAMS 0x0000000782f00000, 0x0000000782f00000| Untracked 
|  48|0x0000000783000000, 0x0000000783000000, 0x0000000783100000|  0%| F|  |TAMS 0x0000000783000000, 0x0000000783000000| Untracked 
|  49|0x0000000783100000, 0x0000000783100000, 0x0000000783200000|  0%| F|  |TAMS 0x0000000783100000, 0x0000000783100000| Untracked 
|  50|0x0000000783200000, 0x0000000783200000, 0x0000000783300000|  0%| F|  |TAMS 0x0000000783200000, 0x0000000783200000| Untracked 
|  51|0x0000000783300000, 0x0000000783300000, 0x0000000783400000|  0%| F|  |TAMS 0x0000000783300000, 0x0000000783300000| Untracked 
|  52|0x0000000783400000, 0x0000000783400000, 0x0000000783500000|  0%| F|  |TAMS 0x0000000783400000, 0x0000000783400000| Untracked 
|  53|0x0000000783500000, 0x0000000783500000, 0x0000000783600000|  0%| F|  |TAMS 0x0000000783500000, 0x0000000783500000| Untracked 
|  54|0x0000000783600000, 0x0000000783600000, 0x0000000783700000|  0%| F|  |TAMS 0x0000000783600000, 0x0000000783600000| Untracked 
|  55|0x0000000783700000, 0x0000000783700000, 0x0000000783800000|  0%| F|  |TAMS 0x0000000783700000, 0x0000000783700000| Untracked 
|  56|0x0000000783800000, 0x0000000783800000, 0x0000000783900000|  0%| F|  |TAMS 0x0000000783800000, 0x0000000783800000| Untracked 
|  57|0x0000000783900000, 0x0000000783900000, 0x0000000783a00000|  0%| F|  |TAMS 0x0000000783900000, 0x0000000783900000| Untracked 
|  58|0x0000000783a00000, 0x0000000783a00000, 0x0000000783b00000|  0%| F|  |TAMS 0x0000000783a00000, 0x0000000783a00000| Untracked 
|  59|0x0000000783b00000, 0x0000000783b00000, 0x0000000783c00000|  0%| F|  |TAMS 0x0000000783b00000, 0x0000000783b00000| Untracked 
|  60|0x0000000783c00000, 0x0000000783c00000, 0x0000000783d00000|  0%| F|  |TAMS 0x0000000783c00000, 0x0000000783c00000| Untracked 
|  61|0x0000000783d00000, 0x0000000783d00000, 0x0000000783e00000|  0%| F|  |TAMS 0x0000000783d00000, 0x0000000783d00000| Untracked 
|  62|0x0000000783e00000, 0x0000000783e00000, 0x0000000783f00000|  0%| F|  |TAMS 0x0000000783e00000, 0x0000000783e00000| Untracked 
|  63|0x0000000783f00000, 0x0000000783f00000, 0x0000000784000000|  0%| F|  |TAMS 0x0000000783f00000, 0x0000000783f00000| Untracked 
|  64|0x0000000784000000, 0x0000000784000000, 0x0000000784100000|  0%| F|  |TAMS 0x0000000784000000, 0x0000000784000000| Untracked 
|  65|0x0000000784100000, 0x0000000784100000, 0x0000000784200000|  0%| F|  |TAMS 0x0000000784100000, 0x0000000784100000| Untracked 
|  66|0x0000000784200000, 0x0000000784200000, 0x0000000784300000|  0%| F|  |TAMS 0x0000000784200000, 0x0000000784200000| Untracked 
|  67|0x0000000784300000, 0x0000000784300000, 0x0000000784400000|  0%| F|  |TAMS 0x0000000784300000, 0x0000000784300000| Untracked 
|  68|0x0000000784400000, 0x0000000784400000, 0x0000000784500000|  0%| F|  |TAMS 0x0000000784400000, 0x0000000784400000| Untracked 
|  69|0x0000000784500000, 0x0000000784500000, 0x0000000784600000|  0%| F|  |TAMS 0x0000000784500000, 0x0000000784500000| Untracked 
|  70|0x0000000784600000, 0x0000000784600000, 0x0000000784700000|  0%| F|  |TAMS 0x0000000784600000, 0x0000000784600000| Untracked 
|  71|0x0000000784700000, 0x0000000784700000, 0x0000000784800000|  0%| F|  |TAMS 0x0000000784700000, 0x0000000784700000| Untracked 
|  72|0x0000000784800000, 0x0000000784800000, 0x0000000784900000|  0%| F|  |TAMS 0x0000000784800000, 0x0000000784800000| Untracked 
|  73|0x0000000784900000, 0x0000000784900000, 0x0000000784a00000|  0%| F|  |TAMS 0x0000000784900000, 0x0000000784900000| Untracked 
|  74|0x0000000784a00000, 0x0000000784a00000, 0x0000000784b00000|  0%| F|  |TAMS 0x0000000784a00000, 0x0000000784a00000| Untracked 
|  75|0x0000000784b00000, 0x0000000784b00000, 0x0000000784c00000|  0%| F|  |TAMS 0x0000000784b00000, 0x0000000784b00000| Untracked 
|  76|0x0000000784c00000, 0x0000000784c00000, 0x0000000784d00000|  0%| F|  |TAMS 0x0000000784c00000, 0x0000000784c00000| Untracked 
|  77|0x0000000784d00000, 0x0000000784d00000, 0x0000000784e00000|  0%| F|  |TAMS 0x0000000784d00000, 0x0000000784d00000| Untracked 
|  78|0x0000000784e00000, 0x0000000784e00000, 0x0000000784f00000|  0%| F|  |TAMS 0x0000000784e00000, 0x0000000784e00000| Untracked 
|  79|0x0000000784f00000, 0x0000000784f00000, 0x0000000785000000|  0%| F|  |TAMS 0x0000000784f00000, 0x0000000784f00000| Untracked 
|  80|0x0000000785000000, 0x0000000785000000, 0x0000000785100000|  0%| F|  |TAMS 0x0000000785000000, 0x0000000785000000| Untracked 
|  81|0x0000000785100000, 0x0000000785100000, 0x0000000785200000|  0%| F|  |TAMS 0x0000000785100000, 0x0000000785100000| Untracked 
|  82|0x0000000785200000, 0x0000000785200000, 0x0000000785300000|  0%| F|  |TAMS 0x0000000785200000, 0x0000000785200000| Untracked 
|  83|0x0000000785300000, 0x0000000785300000, 0x0000000785400000|  0%| F|  |TAMS 0x0000000785300000, 0x0000000785300000| Untracked 
|  84|0x0000000785400000, 0x0000000785400000, 0x0000000785500000|  0%| F|  |TAMS 0x0000000785400000, 0x0000000785400000| Untracked 
|  85|0x0000000785500000, 0x0000000785500000, 0x0000000785600000|  0%| F|  |TAMS 0x0000000785500000, 0x0000000785500000| Untracked 
|  86|0x0000000785600000, 0x0000000785600000, 0x0000000785700000|  0%| F|  |TAMS 0x0000000785600000, 0x0000000785600000| Untracked 
|  87|0x0000000785700000, 0x0000000785700000, 0x0000000785800000|  0%| F|  |TAMS 0x0000000785700000, 0x0000000785700000| Untracked 
|  88|0x0000000785800000, 0x0000000785800000, 0x0000000785900000|  0%| F|  |TAMS 0x0000000785800000, 0x0000000785800000| Untracked 
|  89|0x0000000785900000, 0x0000000785900000, 0x0000000785a00000|  0%| F|  |TAMS 0x0000000785900000, 0x0000000785900000| Untracked 
|  90|0x0000000785a00000, 0x0000000785a00000, 0x0000000785b00000|  0%| F|  |TAMS 0x0000000785a00000, 0x0000000785a00000| Untracked 
|  91|0x0000000785b00000, 0x0000000785b00000, 0x0000000785c00000|  0%| F|  |TAMS 0x0000000785b00000, 0x0000000785b00000| Untracked 
|  92|0x0000000785c00000, 0x0000000785c00000, 0x0000000785d00000|  0%| F|  |TAMS 0x0000000785c00000, 0x0000000785c00000| Untracked 
|  93|0x0000000785d00000, 0x0000000785d00000, 0x0000000785e00000|  0%| F|  |TAMS 0x0000000785d00000, 0x0000000785d00000| Untracked 
|  94|0x0000000785e00000, 0x0000000785e00000, 0x0000000785f00000|  0%| F|  |TAMS 0x0000000785e00000, 0x0000000785e00000| Untracked 
|  95|0x0000000785f00000, 0x0000000785f00000, 0x0000000786000000|  0%| F|  |TAMS 0x0000000785f00000, 0x0000000785f00000| Untracked 
|  96|0x0000000786000000, 0x0000000786000000, 0x0000000786100000|  0%| F|  |TAMS 0x0000000786000000, 0x0000000786000000| Untracked 
|  97|0x0000000786100000, 0x0000000786100000, 0x0000000786200000|  0%| F|  |TAMS 0x0000000786100000, 0x0000000786100000| Untracked 
|  98|0x0000000786200000, 0x0000000786200000, 0x0000000786300000|  0%| F|  |TAMS 0x0000000786200000, 0x0000000786200000| Untracked 
|  99|0x0000000786300000, 0x0000000786300000, 0x0000000786400000|  0%| F|  |TAMS 0x0000000786300000, 0x0000000786300000| Untracked 
| 100|0x0000000786400000, 0x0000000786400000, 0x0000000786500000|  0%| F|  |TAMS 0x0000000786400000, 0x0000000786400000| Untracked 
| 101|0x0000000786500000, 0x0000000786500000, 0x0000000786600000|  0%| F|  |TAMS 0x0000000786500000, 0x0000000786500000| Untracked 
| 102|0x0000000786600000, 0x0000000786600000, 0x0000000786700000|  0%| F|  |TAMS 0x0000000786600000, 0x0000000786600000| Untracked 
| 103|0x0000000786700000, 0x0000000786700000, 0x0000000786800000|  0%| F|  |TAMS 0x0000000786700000, 0x0000000786700000| Untracked 
| 104|0x0000000786800000, 0x0000000786800000, 0x0000000786900000|  0%| F|  |TAMS 0x0000000786800000, 0x0000000786800000| Untracked 
| 105|0x0000000786900000, 0x0000000786900000, 0x0000000786a00000|  0%| F|  |TAMS 0x0000000786900000, 0x0000000786900000| Untracked 
| 106|0x0000000786a00000, 0x0000000786a00000, 0x0000000786b00000|  0%| F|  |TAMS 0x0000000786a00000, 0x0000000786a00000| Untracked 
| 107|0x0000000786b00000, 0x0000000786b00000, 0x0000000786c00000|  0%| F|  |TAMS 0x0000000786b00000, 0x0000000786b00000| Untracked 
| 108|0x0000000786c00000, 0x0000000786c00000, 0x0000000786d00000|  0%| F|  |TAMS 0x0000000786c00000, 0x0000000786c00000| Untracked 
| 109|0x0000000786d00000, 0x0000000786d00000, 0x0000000786e00000|  0%| F|  |TAMS 0x0000000786d00000, 0x0000000786d00000| Untracked 
| 110|0x0000000786e00000, 0x0000000786e00000, 0x0000000786f00000|  0%| F|  |TAMS 0x0000000786e00000, 0x0000000786e00000| Untracked 
| 111|0x0000000786f00000, 0x0000000786f00000, 0x0000000787000000|  0%| F|  |TAMS 0x0000000786f00000, 0x0000000786f00000| Untracked 
| 112|0x0000000787000000, 0x0000000787000000, 0x0000000787100000|  0%| F|  |TAMS 0x0000000787000000, 0x0000000787000000| Untracked 
| 113|0x0000000787100000, 0x0000000787100000, 0x0000000787200000|  0%| F|  |TAMS 0x0000000787100000, 0x0000000787100000| Untracked 
| 114|0x0000000787200000, 0x0000000787200000, 0x0000000787300000|  0%| F|  |TAMS 0x0000000787200000, 0x0000000787200000| Untracked 
| 115|0x0000000787300000, 0x0000000787300000, 0x0000000787400000|  0%| F|  |TAMS 0x0000000787300000, 0x0000000787300000| Untracked 
| 116|0x0000000787400000, 0x0000000787400000, 0x0000000787500000|  0%| F|  |TAMS 0x0000000787400000, 0x0000000787400000| Untracked 
| 117|0x0000000787500000, 0x0000000787500000, 0x0000000787600000|  0%| F|  |TAMS 0x0000000787500000, 0x0000000787500000| Untracked 
| 118|0x0000000787600000, 0x0000000787600000, 0x0000000787700000|  0%| F|  |TAMS 0x0000000787600000, 0x0000000787600000| Untracked 
| 119|0x0000000787700000, 0x0000000787700000, 0x0000000787800000|  0%| F|  |TAMS 0x0000000787700000, 0x0000000787700000| Untracked 
| 120|0x0000000787800000, 0x0000000787800000, 0x0000000787900000|  0%| F|  |TAMS 0x0000000787800000, 0x0000000787800000| Untracked 
| 121|0x0000000787900000, 0x0000000787900000, 0x0000000787a00000|  0%| F|  |TAMS 0x0000000787900000, 0x0000000787900000| Untracked 
| 122|0x0000000787a00000, 0x0000000787b00000, 0x0000000787b00000|100%| E|  |TAMS 0x0000000787a00000, 0x0000000787a00000| Complete 
| 123|0x0000000787b00000, 0x0000000787c00000, 0x0000000787c00000|100%| E|CS|TAMS 0x0000000787b00000, 0x0000000787b00000| Complete 
| 124|0x0000000787c00000, 0x0000000787d00000, 0x0000000787d00000|100%| E|  |TAMS 0x0000000787c00000, 0x0000000787c00000| Complete 
| 125|0x0000000787d00000, 0x0000000787e00000, 0x0000000787e00000|100%| E|CS|TAMS 0x0000000787d00000, 0x0000000787d00000| Complete 
| 126|0x0000000787e00000, 0x0000000787f00000, 0x0000000787f00000|100%| E|CS|TAMS 0x0000000787e00000, 0x0000000787e00000| Complete 
| 127|0x0000000787f00000, 0x0000000788000000, 0x0000000788000000|100%| E|CS|TAMS 0x0000000787f00000, 0x0000000787f00000| Complete 
|1022|0x00000007bfe00000, 0x00000007bfe51000, 0x00000007bff00000| 31%|OA|  |TAMS 0x00000007bfe00000, 0x00000007bfe00000| Untracked 
|1023|0x00000007bff00000, 0x00000007bff7b000, 0x00000007c0000000| 48%|CA|  |TAMS 0x00000007bff00000, 0x00000007bff00000| Untracked 

Card table byte_map: [0x0000000104f60000,0x0000000105360000] _byte_map_base: 0x0000000101360000

Marking Bits (Prev, Next): (CMBitMap*) 0x00007ff05480a018, (CMBitMap*) 0x00007ff05480a058
 Prev Bits: [0x0000000105760000, 0x0000000107760000)
 Next Bits: [0x0000000107760000, 0x0000000109760000)

Polling page: 0x0000000103313000

Metaspace:

Usage:
  Non-class:      5.03 MB capacity,     3.07 MB ( 61%) used,     1.95 MB ( 39%) free+waste,     7.75 KB ( <1%) overhead. 
      Class:    521.00 KB capacity,   289.20 KB ( 56%) used,   227.36 KB ( 44%) free+waste,     4.44 KB ( <1%) overhead. 
       Both:      5.54 MB capacity,     3.36 MB ( 61%) used,     2.17 MB ( 39%) free+waste,    12.19 KB ( <1%) overhead. 

Virtual space:
  Non-class space:        8.00 MB reserved,       5.25 MB ( 66%) committed 
      Class space:        1.00 GB reserved,     640.00 KB ( <1%) committed 
             Both:        1.01 GB reserved,       5.88 MB ( <1%) committed 

Chunk freelists:
   Non-Class:  94.00 KB
       Class:  3.00 KB
        Both:  97.00 KB

MaxMetaspaceSize: unlimited
CompressedClassSpaceSize: 1.00 GB

CodeHeap 'non-profiled nmethods': size=120032Kb used=174Kb max_used=174Kb free=119857Kb
 bounds [0x000000011ba1a000, 0x000000011bc8a000, 0x0000000122f52000]
CodeHeap 'profiled nmethods': size=120028Kb used=820Kb max_used=820Kb free=119207Kb
 bounds [0x00000001144e3000, 0x0000000114753000, 0x000000011ba1a000]
CodeHeap 'non-nmethods': size=5700Kb used=1188Kb max_used=1207Kb free=4511Kb
 bounds [0x0000000113f52000, 0x00000001141c2000, 0x00000001144e3000]
 total_blobs=1139 nmethods=577 adapters=370
 compilation: enabled
              stopped_count=0, restarted_count=0
 full_count=0

Compilation events (20 events):
Event: 1.167 Thread 0x00007ff05483e800  568       3       java.util.StringTokenizer::hasMoreTokens (29 bytes)
Event: 1.167 Thread 0x00007ff05483e800 nmethod 568 0x00000001145aa310 code [0x00000001145aa4a0, 0x00000001145aa660]
Event: 1.167 Thread 0x00007ff05483e800  569       3       java.lang.invoke.MethodHandle::<init> (37 bytes)
Event: 1.168 Thread 0x00007ff05483e800 nmethod 569 0x00000001145aa710 code [0x00000001145aa900, 0x00000001145aae90]
Event: 1.173 Thread 0x00007ff05483e800  570       3       java.util.LinkedHashMap::newNode (23 bytes)
Event: 1.174 Thread 0x00007ff05482d800  574       4       java.util.HashMap::put (13 bytes)
Event: 1.174 Thread 0x00007ff05483e800 nmethod 570 0x00000001145ab110 code [0x00000001145ab2e0, 0x00000001145ab930]
Event: 1.174 Thread 0x00007ff05483e800  571       3       java.util.LinkedHashMap$Entry::<init> (10 bytes)
Event: 1.175 Thread 0x00007ff05483e800 nmethod 571 0x00000001145abb10 code [0x00000001145abcc0, 0x00000001145abfd0]
Event: 1.176 Thread 0x00007ff05483e800  572       3       java.util.LinkedHashMap::linkNodeLast (33 bytes)
Event: 1.176 Thread 0x00007ff05483e800 nmethod 572 0x00000001145ac110 code [0x00000001145ac2c0, 0x00000001145ac5d0]
Event: 1.176 Thread 0x00007ff05483e800  573       3       java.util.LinkedHashMap::afterNodeInsertion (40 bytes)
Event: 1.176 Thread 0x00007ff05483e800 nmethod 573 0x00000001145ac710 code [0x00000001145ac8a0, 0x00000001145aca90]
Event: 1.179 Thread 0x00007ff05483e800  575       3       java.util.concurrent.ConcurrentHashMap$BaseIterator::hasNext (13 bytes)
Event: 1.179 Thread 0x00007ff05483e800 nmethod 575 0x00000001145acb90 code [0x00000001145acd20, 0x00000001145ace90]
Event: 1.180 Thread 0x00007ff05483e800  577       3       java.util.Properties::saveConvert (434 bytes)
Event: 1.184 Thread 0x00007ff05483e800 nmethod 577 0x00000001145acf10 code [0x00000001145ad3e0, 0x00000001145af580]
Event: 1.225 Thread 0x00007ff05482d800 nmethod 574 0x000000011ba43710 code [0x000000011ba439a0, 0x000000011ba44f38]
Event: 1.225 Thread 0x00007ff05482d800  576       4       java.lang.String::isLatin1 (19 bytes)
Event: 1.226 Thread 0x00007ff05482d800 nmethod 576 0x000000011ba45590 code [0x000000011ba45700, 0x000000011ba45798]

GC Heap History (0 events):
No events

Deoptimization events (4 events):
Event: 0.978 Thread 0x00007ff055012800 Uncommon trap: trap_request=0xffffff45 fr.pc=0x000000011ba26c10 relative=0x00000000000008d0
Event: 0.978 Thread 0x00007ff055012800 Uncommon trap: reason=unstable_if action=reinterpret pc=0x000000011ba26c10 method=java.util.HashMap.putVal(ILjava/lang/Object;Ljava/lang/Object;ZZ)Ljava/lang/Object; @ 181 c2
Event: 0.978 Thread 0x00007ff055012800 DEOPT PACKING pc=0x000000011ba26c10 sp=0x0000700007408430
Event: 0.978 Thread 0x00007ff055012800 DEOPT UNPACKING pc=0x0000000113f9ae25 sp=0x00007000074083c0 mode 2

Classes unloaded (0 events):
No events

Classes redefined (0 events):
No events

Internal exceptions (4 events):
Event: 0.258 Thread 0x00007ff055012800 Exception <a 'java/lang/ClassNotFoundException'{0x0000000787d09400}: sun/awt/resources/spi/awtProvider> (0x0000000787d09400) 
thrown [./open/src/hotspot/share/classfile/systemDictionary.cpp, line 226]
Event: 0.329 Thread 0x00007ff055012800 Exception <a 'java/io/FileNotFoundException'{0x0000000787d55a70}> (0x0000000787d55a70) 
thrown [./open/src/hotspot/share/prims/jni.cpp, line 599]
Event: 0.339 Thread 0x00007ff055012800 Exception <a 'java/io/FileNotFoundException'{0x0000000787d7bcb8}> (0x0000000787d7bcb8) 
thrown [./open/src/hotspot/share/prims/jni.cpp, line 599]
Event: 0.343 Thread 0x00007ff055012800 Exception <a 'java/lang/ClassNotFoundException'{0x0000000787d7f790}: sun/awt/resources/spi/awtosxProvider> (0x0000000787d7f790) 
thrown [./open/src/hotspot/share/classfile/systemDictionary.cpp, line 226]

Events (20 events):
Event: 1.163 loading class sun/util/locale/provider/TimeZoneNameProviderImpl done
Event: 1.163 loading class sun/util/cldr/CLDRTimeZoneNameProviderImpl done
Event: 1.165 Executing VM operation: HandshakeOneThread
Event: 1.165 Executing VM operation: HandshakeOneThread done
Event: 1.166 loading class sun/util/locale/provider/BaseLocaleDataMetaInfo
Event: 1.166 loading class sun/util/locale/provider/BaseLocaleDataMetaInfo done
Event: 1.166 Executing VM operation: HandshakeOneThread
Event: 1.166 Executing VM operation: HandshakeOneThread done
Event: 1.168 loading class sun/util/resources/cldr/TimeZoneNames
Event: 1.168 loading class sun/util/resources/TimeZoneNamesBundle
Event: 1.169 loading class sun/util/resources/OpenListResourceBundle
Event: 1.169 loading class sun/util/resources/OpenListResourceBundle done
Event: 1.169 loading class sun/util/resources/TimeZoneNamesBundle done
Event: 1.169 loading class sun/util/resources/cldr/TimeZoneNames done
Event: 1.169 loading class sun/util/resources/cldr/TimeZoneNames_en
Event: 1.170 loading class sun/util/resources/cldr/TimeZoneNames_en done
Event: 1.170 loading class sun/util/resources/cldr/TimeZoneNames_en_US
Event: 1.170 loading class sun/util/resources/cldr/TimeZoneNames_en_US done
Event: 1.174 loading class java/util/LinkedHashMap$LinkedKeySet
Event: 1.174 loading class java/util/LinkedHashMap$LinkedKeySet done


Dynamic libraries:
0x00007fff6f5c2000 	/usr/lib/libz.1.dylib
0x00000001032e8000 	/Library/Java/JavaVirtualMachines/jdk-14.0.1.jdk/Contents/Home/lib/libjli.dylib
0x00007fff350dc000 	/System/Library/Frameworks/Cocoa.framework/Versions/A/Cocoa
0x00007fff428e5000 	/System/Library/Frameworks/Security.framework/Versions/A/Security
0x00007fff34041000 	/System/Library/Frameworks/ApplicationServices.framework/Versions/A/ApplicationServices
0x00007fff6d086000 	/usr/lib/libSystem.B.dylib
0x00007fff6fe83000 	/usr/lib/system/libcache.dylib
0x00007fff6fe89000 	/usr/lib/system/libcommonCrypto.dylib
0x00007fff6fe95000 	/usr/lib/system/libcompiler_rt.dylib
0x00007fff6fe9d000 	/usr/lib/system/libcopyfile.dylib
0x00007fff6fea7000 	/usr/lib/system/libcorecrypto.dylib
0x00007fff70046000 	/usr/lib/system/libdispatch.dylib
0x00007fff70087000 	/usr/lib/system/libdyld.dylib
0x00007fff700be000 	/usr/lib/system/libkeymgr.dylib
0x00007fff700cc000 	/usr/lib/system/liblaunch.dylib
0x00007fff700cd000 	/usr/lib/system/libmacho.dylib
0x00007fff700d3000 	/usr/lib/system/libquarantine.dylib
0x00007fff700d6000 	/usr/lib/system/libremovefile.dylib
0x00007fff700d8000 	/usr/lib/system/libsystem_asl.dylib
0x00007fff700f0000 	/usr/lib/system/libsystem_blocks.dylib
0x00007fff700f1000 	/usr/lib/system/libsystem_c.dylib
0x00007fff70179000 	/usr/lib/system/libsystem_configuration.dylib
0x00007fff7017d000 	/usr/lib/system/libsystem_coreservices.dylib
0x00007fff70181000 	/usr/lib/system/libsystem_darwin.dylib
0x00007fff7018a000 	/usr/lib/system/libsystem_dnssd.dylib
0x00007fff70192000 	/usr/lib/system/libsystem_featureflags.dylib
0x00007fff70194000 	/usr/lib/system/libsystem_info.dylib
0x00007fff7020f000 	/usr/lib/system/libsystem_m.dylib
0x00007fff70257000 	/usr/lib/system/libsystem_malloc.dylib
0x00007fff7027f000 	/usr/lib/system/libsystem_networkextension.dylib
0x00007fff7028d000 	/usr/lib/system/libsystem_notify.dylib
0x00007fff702ab000 	/usr/lib/system/libsystem_sandbox.dylib
0x00007fff702b0000 	/usr/lib/system/libsystem_secinit.dylib
0x00007fff701e2000 	/usr/lib/system/libsystem_kernel.dylib
0x00007fff70297000 	/usr/lib/system/libsystem_platform.dylib
0x00007fff702a0000 	/usr/lib/system/libsystem_pthread.dylib
0x00007fff702b3000 	/usr/lib/system/libsystem_symptoms.dylib
0x00007fff702bb000 	/usr/lib/system/libsystem_trace.dylib
0x00007fff702d3000 	/usr/lib/system/libunwind.dylib
0x00007fff702d9000 	/usr/lib/system/libxpc.dylib
0x00007fff6eee6000 	/usr/lib/libobjc.A.dylib
0x00007fff6d3bf000 	/usr/lib/libc++abi.dylib
0x00007fff6d36c000 	/usr/lib/libc++.1.dylib
0x00007fff35f7e000 	/System/Library/Frameworks/CoreFoundation.framework/Versions/A/CoreFoundation
0x00007fff3863b000 	/System/Library/Frameworks/Foundation.framework/Versions/C/Foundation
0x00007fff33231000 	/System/Library/Frameworks/AppKit.framework/Versions/C/AppKit
0x00007fff35a60000 	/System/Library/Frameworks/CoreData.framework/Versions/A/CoreData
0x00007fff67081000 	/System/Library/PrivateFrameworks/UIFoundation.framework/Versions/A/UIFoundation
0x00007fff62115000 	/System/Library/PrivateFrameworks/RemoteViewServices.framework/Versions/A/RemoteViewServices
0x00007fff69bf6000 	/System/Library/PrivateFrameworks/XCTTargetBootstrap.framework/Versions/A/XCTTargetBootstrap
0x00007fff35e4b000 	/System/Library/Frameworks/CoreDisplay.framework/Versions/A/CoreDisplay
0x00007fff3b4f5000 	/System/Library/Frameworks/Metal.framework/Versions/A/Metal
0x00007fff500fd000 	/System/Library/PrivateFrameworks/DesktopServicesPriv.framework/Versions/A/DesktopServicesPriv
0x00007fff6e1c1000 	/usr/lib/liblangid.dylib
0x00007fff4f392000 	/System/Library/PrivateFrameworks/CoreSVG.framework/Versions/A/CoreSVG
0x00007fff65271000 	/System/Library/PrivateFrameworks/SkyLight.framework/Versions/A/SkyLight
0x00007fff363ff000 	/System/Library/Frameworks/CoreGraphics.framework/Versions/A/CoreGraphics
0x00007fff31c05000 	/System/Library/Frameworks/Accelerate.framework/Versions/A/Accelerate
0x00007fff6f4b3000 	/usr/lib/libxml2.2.dylib
0x00007fff5b09f000 	/System/Library/PrivateFrameworks/IconServices.framework/Versions/A/IconServices
0x00007fff38e1a000 	/System/Library/Frameworks/IOSurface.framework/Versions/A/IOSurface
0x00007fff6cbb0000 	/usr/lib/libDiagnosticMessagesClient.dylib
0x00007fff4ff57000 	/System/Library/PrivateFrameworks/DFRFoundation.framework/Versions/A/DFRFoundation
0x00007fff6df50000 	/usr/lib/libicucore.A.dylib
0x00007fff34373000 	/System/Library/Frameworks/AudioToolbox.framework/Versions/A/AudioToolbox
0x00007fff34456000 	/System/Library/Frameworks/AudioUnit.framework/Versions/A/AudioUnit
0x00007fff6d288000 	/usr/lib/libauto.dylib
0x00007fff4fff9000 	/System/Library/PrivateFrameworks/DataDetectorsCore.framework/Versions/A/DataDetectorsCore
0x00007fff34bfd000 	/System/Library/Frameworks/Carbon.framework/Versions/A/Frameworks/HIToolbox.framework/Versions/A/HIToolbox
0x00007fff41adf000 	/System/Library/Frameworks/QuartzCore.framework/Versions/A/QuartzCore
0x00007fff34f3c000 	/System/Library/Frameworks/Carbon.framework/Versions/A/Frameworks/SpeechRecognition.framework/Versions/A/SpeechRecognition
0x00007fff4fa6b000 	/System/Library/PrivateFrameworks/CoreUI.framework/Versions/A/CoreUI
0x00007fff354cb000 	/System/Library/Frameworks/CoreAudio.framework/Versions/A/CoreAudio
0x00007fff382fa000 	/System/Library/Frameworks/DiskArbitration.framework/Versions/A/DiskArbitration
0x00007fff5d0ef000 	/System/Library/PrivateFrameworks/MultitouchSupport.framework/Versions/A/MultitouchSupport
0x00007fff6de17000 	/usr/lib/libenergytrace.dylib
0x00007fff38d74000 	/System/Library/Frameworks/IOKit.framework/Versions/A/IOKit
0x00007fff37366000 	/System/Library/Frameworks/CoreServices.framework/Versions/A/CoreServices
0x00007fff5f2a8000 	/System/Library/PrivateFrameworks/PerformanceAnalysis.framework/Versions/A/PerformanceAnalysis
0x00007fff40b12000 	/System/Library/Frameworks/OpenGL.framework/Versions/A/OpenGL
0x00007fff350ea000 	/System/Library/Frameworks/ColorSync.framework/Versions/A/ColorSync
0x00007fff36a82000 	/System/Library/Frameworks/CoreImage.framework/Versions/A/CoreImage
0x00007fff37dd9000 	/System/Library/Frameworks/CoreText.framework/Versions/A/CoreText
0x00007fff38eaa000 	/System/Library/Frameworks/ImageIO.framework/Versions/A/ImageIO
0x00007fff6d3e8000 	/usr/lib/libcompression.dylib
0x00007fff6cef4000 	/usr/lib/libMobileGestalt.dylib
0x00007fff66deb000 	/System/Library/PrivateFrameworks/TextureIO.framework/Versions/A/TextureIO
0x00007fff6d1eb000 	/usr/lib/libate.dylib
0x00007fff5b2a8000 	/System/Library/PrivateFrameworks/InternationalSupport.framework/Versions/A/InternationalSupport
0x00007fff6e1c3000 	/usr/lib/liblzma.5.dylib
0x00007fff6de3e000 	/usr/lib/libfakelink.dylib
0x00007fff6d178000 	/usr/lib/libarchive.2.dylib
0x00007fff43996000 	/System/Library/Frameworks/SystemConfiguration.framework/Versions/A/SystemConfiguration
0x00007fff6cae3000 	/usr/lib/libCRFSuite.dylib
0x00007fff347ed000 	/System/Library/Frameworks/CFNetwork.framework/Versions/A/CFNetwork
0x00007fff6d34e000 	/usr/lib/libbsm.0.dylib
0x00007fff700bf000 	/usr/lib/system/libkxld.dylib
0x00007fff498d3000 	/System/Library/PrivateFrameworks/AppleFSCompression.framework/Versions/A/AppleFSCompression
0x00007fff6d6d9000 	/usr/lib/libcoretls.dylib
0x00007fff6d6f0000 	/usr/lib/libcoretls_cfhelpers.dylib
0x00007fff6ef2c000 	/usr/lib/libpam.2.dylib
0x00007fff6f061000 	/usr/lib/libsqlite3.dylib
0x00007fff6f4a0000 	/usr/lib/libxar.1.dylib
0x00007fff6d35f000 	/usr/lib/libbz2.1.0.dylib
0x00007fff6de5f000 	/usr/lib/libiconv.2.dylib
0x00007fff6d3d5000 	/usr/lib/libcharset.1.dylib
0x00007fff6e9c9000 	/usr/lib/libnetwork.dylib
0x00007fff6ef33000 	/usr/lib/libpcap.A.dylib
0x00007fff6d12d000 	/usr/lib/libapple_nghttp2.dylib
0x00007fff3771d000 	/System/Library/Frameworks/CoreServices.framework/Versions/A/Frameworks/FSEvents.framework/Versions/A/FSEvents
0x00007fff373ed000 	/System/Library/Frameworks/CoreServices.framework/Versions/A/Frameworks/CarbonCore.framework/Versions/A/CarbonCore
0x00007fff37961000 	/System/Library/Frameworks/CoreServices.framework/Versions/A/Frameworks/Metadata.framework/Versions/A/Metadata
0x00007fff379fa000 	/System/Library/Frameworks/CoreServices.framework/Versions/A/Frameworks/OSServices.framework/Versions/A/OSServices
0x00007fff37a28000 	/System/Library/Frameworks/CoreServices.framework/Versions/A/Frameworks/SearchKit.framework/Versions/A/SearchKit
0x00007fff37367000 	/System/Library/Frameworks/CoreServices.framework/Versions/A/Frameworks/AE.framework/Versions/A/AE
0x00007fff37726000 	/System/Library/Frameworks/CoreServices.framework/Versions/A/Frameworks/LaunchServices.framework/Versions/A/LaunchServices
0x00007fff376cf000 	/System/Library/Frameworks/CoreServices.framework/Versions/A/Frameworks/DictionaryServices.framework/Versions/A/DictionaryServices
0x00007fff37a90000 	/System/Library/Frameworks/CoreServices.framework/Versions/A/Frameworks/SharedFileList.framework/Versions/A/SharedFileList
0x00007fff3c931000 	/System/Library/Frameworks/NetFS.framework/Versions/A/NetFS
0x00007fff5d61f000 	/System/Library/PrivateFrameworks/NetAuth.framework/Versions/A/NetAuth
0x00007fff69fc3000 	/System/Library/PrivateFrameworks/login.framework/Versions/A/Frameworks/loginsupport.framework/Versions/A/loginsupport
0x00007fff668b6000 	/System/Library/PrivateFrameworks/TCC.framework/Versions/A/TCC
0x00007fff4e505000 	/System/Library/PrivateFrameworks/CoreNLP.framework/Versions/A/CoreNLP
0x00007fff5cb1c000 	/System/Library/PrivateFrameworks/MetadataUtilities.framework/Versions/A/MetadataUtilities
0x00007fff6e29b000 	/usr/lib/libmecabra.dylib
0x00007fff6e1f3000 	/usr/lib/libmecab.dylib
0x00007fff6de4f000 	/usr/lib/libgermantok.dylib
0x00007fff6d114000 	/usr/lib/libThaiTokenizer.dylib
0x00007fff6cb1a000 	/usr/lib/libChineseTokenizer.dylib
0x00007fff31c1d000 	/System/Library/Frameworks/Accelerate.framework/Versions/A/Frameworks/vImage.framework/Versions/A/vImage
0x00007fff33087000 	/System/Library/Frameworks/Accelerate.framework/Versions/A/Frameworks/vecLib.framework/Versions/A/vecLib
0x00007fff32fc4000 	/System/Library/Frameworks/Accelerate.framework/Versions/A/Frameworks/vecLib.framework/Versions/A/libvMisc.dylib
0x00007fff32dec000 	/System/Library/Frameworks/Accelerate.framework/Versions/A/Frameworks/vecLib.framework/Versions/A/libvDSP.dylib
0x00007fff32274000 	/System/Library/Frameworks/Accelerate.framework/Versions/A/Frameworks/vecLib.framework/Versions/A/libBLAS.dylib
0x00007fff329b0000 	/System/Library/Frameworks/Accelerate.framework/Versions/A/Frameworks/vecLib.framework/Versions/A/libLAPACK.dylib
0x00007fff32d4c000 	/System/Library/Frameworks/Accelerate.framework/Versions/A/Frameworks/vecLib.framework/Versions/A/libLinearAlgebra.dylib
0x00007fff32dd9000 	/System/Library/Frameworks/Accelerate.framework/Versions/A/Frameworks/vecLib.framework/Versions/A/libSparseBLAS.dylib
0x00007fff32d62000 	/System/Library/Frameworks/Accelerate.framework/Versions/A/Frameworks/vecLib.framework/Versions/A/libQuadrature.dylib
0x00007fff324dc000 	/System/Library/Frameworks/Accelerate.framework/Versions/A/Frameworks/vecLib.framework/Versions/A/libBNNS.dylib
0x00007fff32d68000 	/System/Library/Frameworks/Accelerate.framework/Versions/A/Frameworks/vecLib.framework/Versions/A/libSparse.dylib
0x00007fff5b690000 	/System/Library/PrivateFrameworks/LanguageModeling.framework/Versions/A/LanguageModeling
0x00007fff4deb5000 	/System/Library/PrivateFrameworks/CoreEmoji.framework/Versions/A/CoreEmoji
0x00007fff5b7ae000 	/System/Library/PrivateFrameworks/LinguisticData.framework/Versions/A/LinguisticData
0x00007fff5b75f000 	/System/Library/PrivateFrameworks/Lexicon.framework/Versions/A/Lexicon
0x00007fff6d3d6000 	/usr/lib/libcmph.dylib
0x00007fff3f520000 	/System/Library/Frameworks/OpenDirectory.framework/Versions/A/Frameworks/CFOpenDirectory.framework/Versions/A/CFOpenDirectory
0x00007fff3f53d000 	/System/Library/Frameworks/OpenDirectory.framework/Versions/A/OpenDirectory
0x00007fff47980000 	/System/Library/PrivateFrameworks/APFS.framework/Versions/A/APFS
0x00007fff42c2f000 	/System/Library/Frameworks/SecurityFoundation.framework/Versions/A/SecurityFoundation
0x00007fff6f49c000 	/usr/lib/libutil.dylib
0x00007fff4f3ea000 	/System/Library/PrivateFrameworks/CoreServicesStore.framework/Versions/A/CoreServicesStore
0x00007fff42ce6000 	/System/Library/Frameworks/ServiceManagement.framework/Versions/A/ServiceManagement
0x00007fff4b0a3000 	/System/Library/PrivateFrameworks/BackgroundTaskManagement.framework/Versions/A/BackgroundTaskManagement
0x00007fff6f599000 	/usr/lib/libxslt.1.dylib
0x00007fff49f46000 	/System/Library/PrivateFrameworks/AppleSystemInfo.framework/Versions/A/AppleSystemInfo
0x00007fff390c6000 	/System/Library/Frameworks/ImageIO.framework/Versions/A/Resources/libJPEG.dylib
0x00007fff39383000 	/System/Library/Frameworks/ImageIO.framework/Versions/A/Resources/libTIFF.dylib
0x00007fff39366000 	/System/Library/Frameworks/ImageIO.framework/Versions/A/Resources/libPng.dylib
0x00007fff39008000 	/System/Library/Frameworks/ImageIO.framework/Versions/A/Resources/libGIF.dylib
0x00007fff3900c000 	/System/Library/Frameworks/ImageIO.framework/Versions/A/Resources/libJP2.dylib
0x00007fff39381000 	/System/Library/Frameworks/ImageIO.framework/Versions/A/Resources/libRadiance.dylib
0x00007fff6de18000 	/usr/lib/libexpat.1.dylib
0x00007fff49a2e000 	/System/Library/PrivateFrameworks/AppleJPEG.framework/Versions/A/AppleJPEG
0x00007fff52700000 	/System/Library/PrivateFrameworks/FontServices.framework/libFontParser.dylib
0x00007fff68fc5000 	/System/Library/PrivateFrameworks/WatchdogClient.framework/Versions/A/WatchdogClient
0x00007fff5aceb000 	/System/Library/PrivateFrameworks/IOAccelerator.framework/Versions/A/IOAccelerator
0x00007fff3b890000 	/System/Library/Frameworks/MetalPerformanceShaders.framework/Versions/A/MetalPerformanceShaders
0x00007fff5747b000 	/System/Library/PrivateFrameworks/GPUWrangler.framework/Versions/A/GPUWrangler
0x00007fff5ad00000 	/System/Library/PrivateFrameworks/IOPresentment.framework/Versions/A/IOPresentment
0x00007fff4ff6a000 	/System/Library/PrivateFrameworks/DSExternalDisplay.framework/Versions/A/DSExternalDisplay
0x00007fff3feb1000 	/System/Library/Frameworks/OpenGL.framework/Versions/A/Libraries/libCoreFSCache.dylib
0x00007fff3b5dc000 	/System/Library/Frameworks/MetalPerformanceShaders.framework/Frameworks/MPSCore.framework/Versions/A/MPSCore
0x00007fff3b61a000 	/System/Library/Frameworks/MetalPerformanceShaders.framework/Frameworks/MPSImage.framework/Versions/A/MPSImage
0x00007fff3b6e1000 	/System/Library/Frameworks/MetalPerformanceShaders.framework/Frameworks/MPSNeuralNetwork.framework/Versions/A/MPSNeuralNetwork
0x00007fff3b6a5000 	/System/Library/Frameworks/MetalPerformanceShaders.framework/Frameworks/MPSMatrix.framework/Versions/A/MPSMatrix
0x00007fff3b840000 	/System/Library/Frameworks/MetalPerformanceShaders.framework/Frameworks/MPSRayIntersector.framework/Versions/A/MPSRayIntersector
0x00007fff3b6cb000 	/System/Library/Frameworks/MetalPerformanceShaders.framework/Frameworks/MPSNDArray.framework/Versions/A/MPSNDArray
0x00007fff5cb69000 	/System/Library/PrivateFrameworks/MetalTools.framework/Versions/A/MetalTools
0x00007fff48b5a000 	/System/Library/PrivateFrameworks/AggregateDictionary.framework/Versions/A/AggregateDictionary
0x00007fff4d8fd000 	/System/Library/PrivateFrameworks/CoreAnalytics.framework/Versions/A/CoreAnalytics
0x00007fff49e65000 	/System/Library/PrivateFrameworks/AppleSauce.framework/Versions/A/AppleSauce
0x00007fff6cdd6000 	/usr/lib/libIOReport.dylib
0x00007fff37f91000 	/System/Library/Frameworks/CoreVideo.framework/Versions/A/CoreVideo
0x00007fff588f4000 	/System/Library/PrivateFrameworks/GraphVisualizer.framework/Versions/A/GraphVisualizer
0x00007fff51c46000 	/System/Library/PrivateFrameworks/FaceCore.framework/Versions/A/FaceCore
0x00007fff3f4c7000 	/System/Library/Frameworks/OpenCL.framework/Versions/A/OpenCL
0x00007fff6cbf8000 	/usr/lib/libFosl_dynamic.dylib
0x00007fff5e040000 	/System/Library/PrivateFrameworks/OTSVG.framework/Versions/A/OTSVG
0x00007fff34146000 	/System/Library/Frameworks/ApplicationServices.framework/Versions/A/Frameworks/ATS.framework/Versions/A/Resources/libFontRegistry.dylib
0x00007fff528cf000 	/System/Library/PrivateFrameworks/FontServices.framework/libhvf.dylib
0x00007fff3febc000 	/System/Library/Frameworks/OpenGL.framework/Versions/A/Libraries/libGFXShared.dylib
0x00007fff4009a000 	/System/Library/Frameworks/OpenGL.framework/Versions/A/Libraries/libGLU.dylib
0x00007fff3fec5000 	/System/Library/Frameworks/OpenGL.framework/Versions/A/Libraries/libGL.dylib
0x00007fff3fed0000 	/System/Library/Frameworks/OpenGL.framework/Versions/A/Libraries/libGLImage.dylib
0x00007fff3feae000 	/System/Library/Frameworks/OpenGL.framework/Versions/A/Libraries/libCVMSPluginSupport.dylib
0x00007fff3feb7000 	/System/Library/Frameworks/OpenGL.framework/Versions/A/Libraries/libCoreVMClient.dylib
0x00007fff6e86a000 	/usr/lib/libncurses.5.4.dylib
0x00007fff34042000 	/System/Library/Frameworks/ApplicationServices.framework/Versions/A/Frameworks/ATS.framework/Versions/A/ATS
0x00007fff3420f000 	/System/Library/Frameworks/ApplicationServices.framework/Versions/A/Frameworks/ColorSyncLegacy.framework/Versions/A/ColorSyncLegacy
0x00007fff342ad000 	/System/Library/Frameworks/ApplicationServices.framework/Versions/A/Frameworks/HIServices.framework/Versions/A/HIServices
0x00007fff34305000 	/System/Library/Frameworks/ApplicationServices.framework/Versions/A/Frameworks/LangAnalysis.framework/Versions/A/LangAnalysis
0x00007fff34314000 	/System/Library/Frameworks/ApplicationServices.framework/Versions/A/Frameworks/PrintCore.framework/Versions/A/PrintCore
0x00007fff3435a000 	/System/Library/Frameworks/ApplicationServices.framework/Versions/A/Frameworks/QD.framework/Versions/A/QD
0x00007fff34365000 	/System/Library/Frameworks/ApplicationServices.framework/Versions/A/Frameworks/SpeechSynthesis.framework/Versions/A/SpeechSynthesis
0x00007fff341df000 	/System/Library/Frameworks/ApplicationServices.framework/Versions/A/Frameworks/ATSUI.framework/Versions/A/ATSUI
0x00007fff6dcae000 	/usr/lib/libcups.2.dylib
0x00007fff3a92b000 	/System/Library/Frameworks/Kerberos.framework/Versions/A/Kerberos
0x00007fff38a6d000 	/System/Library/Frameworks/GSS.framework/Versions/A/GSS
0x00007fff6efed000 	/usr/lib/libresolv.9.dylib
0x00007fff58aa1000 	/System/Library/PrivateFrameworks/Heimdal.framework/Versions/A/Heimdal
0x00007fff3a93e000 	/System/Library/Frameworks/Kerberos.framework/Versions/A/Libraries/libHeimdalProxy.dylib
0x00007fff6de55000 	/usr/lib/libheimdal-asn1.dylib
0x00007fff4cd95000 	/System/Library/PrivateFrameworks/CommonAuth.framework/Versions/A/CommonAuth
0x00007fff49fe3000 	/System/Library/PrivateFrameworks/AssertionServices.framework/Versions/A/AssertionServices
0x00007fff4ab86000 	/System/Library/PrivateFrameworks/AudioToolboxCore.framework/Versions/A/AudioToolboxCore
0x00007fff69c73000 	/System/Library/PrivateFrameworks/caulk.framework/Versions/A/caulk
0x00007fff4b14f000 	/System/Library/PrivateFrameworks/BaseBoard.framework/Versions/A/BaseBoard
0x00007fff622a3000 	/System/Library/PrivateFrameworks/RunningBoardServices.framework/Versions/A/RunningBoardServices
0x00007fff5f2b4000 	/System/Library/PrivateFrameworks/PersistentConnection.framework/Versions/A/PersistentConnection
0x00007fff61c9c000 	/System/Library/PrivateFrameworks/ProtocolBuffer.framework/Versions/A/ProtocolBuffer
0x00007fff4cdb9000 	/System/Library/PrivateFrameworks/CommonUtilities.framework/Versions/A/CommonUtilities
0x00007fff4b2dd000 	/System/Library/PrivateFrameworks/Bom.framework/Versions/A/Bom
0x00007fff6caa9000 	/usr/lib/libAudioToolboxUtility.dylib
0x00007fff4b0ad000 	/System/Library/PrivateFrameworks/Backup.framework/Versions/A/Backup
0x00007fff4fe8b000 	/System/Library/PrivateFrameworks/CrashReporterSupport.framework/Versions/A/CrashReporterSupport
0x00007fff63d35000 	/System/Library/PrivateFrameworks/Sharing.framework/Versions/A/Sharing
0x00007fff495f1000 	/System/Library/PrivateFrameworks/Apple80211.framework/Versions/A/Apple80211
0x00007fff4adca000 	/System/Library/PrivateFrameworks/AuthKit.framework/Versions/A/AuthKit
0x00007fff4fb98000 	/System/Library/PrivateFrameworks/CoreUtils.framework/Versions/A/CoreUtils
0x00007fff37fd6000 	/System/Library/Frameworks/CoreWLAN.framework/Versions/A/CoreWLAN
0x00007fff38bfa000 	/System/Library/Frameworks/IOBluetooth.framework/Versions/A/IOBluetooth
0x00007fff5ce6e000 	/System/Library/PrivateFrameworks/MobileKeyBag.framework/Versions/A/MobileKeyBag
0x00007fff4e99d000 	/System/Library/PrivateFrameworks/CorePhoneNumbers.framework/Versions/A/CorePhoneNumbers
0x00007fff499e1000 	/System/Library/PrivateFrameworks/AppleIDAuthSupport.framework/Versions/A/AppleIDAuthSupport
0x00007fff3c93e000 	/System/Library/Frameworks/Network.framework/Versions/A/Network
0x00007fff5b53c000 	/System/Library/PrivateFrameworks/KeychainCircle.framework/Versions/A/KeychainCircle
0x00007fff35a27000 	/System/Library/Frameworks/CoreBluetooth.framework/Versions/A/CoreBluetooth
0x00007fff65db4000 	/System/Library/PrivateFrameworks/SpeechRecognitionCore.framework/Versions/A/SpeechRecognitionCore
0x0000000103c00000 	/Library/Java/JavaVirtualMachines/jdk-14.0.1.jdk/Contents/Home/lib/server/libjvm.dylib
0x0000000103308000 	/Library/Java/JavaVirtualMachines/jdk-14.0.1.jdk/Contents/Home/lib/libjimage.dylib
0x0000000103315000 	/Library/Java/JavaVirtualMachines/jdk-14.0.1.jdk/Contents/Home/lib/libinstrument.dylib
0x0000000103325000 	/Library/Java/JavaVirtualMachines/jdk-14.0.1.jdk/Contents/Home/lib/libjava.dylib
0x0000000103395000 	/Library/Java/JavaVirtualMachines/jdk-14.0.1.jdk/Contents/Home/lib/libzip.dylib
0x0000000109f67000 	/Library/Java/JavaVirtualMachines/jdk-14.0.1.jdk/Contents/Home/lib/libnio.dylib
0x0000000109f7a000 	/Library/Java/JavaVirtualMachines/jdk-14.0.1.jdk/Contents/Home/lib/libnet.dylib
0x0000000109f92000 	/Library/Java/JavaVirtualMachines/jdk-14.0.1.jdk/Contents/Home/lib/libverify.dylib
0x0000000109fa1000 	/Library/Java/JavaVirtualMachines/jdk-14.0.1.jdk/Contents/Home/lib/libextnet.dylib
0x0000000109fa8000 	/Library/Java/JavaVirtualMachines/jdk-14.0.1.jdk/Contents/Home/lib/libawt.dylib
0x000000010a044000 	/Library/Java/JavaVirtualMachines/jdk-14.0.1.jdk/Contents/Home/lib/libmlib_image.dylib
0x00007fff3a915000 	/System/Library/Frameworks/JavaVM.framework/Versions/A/Frameworks/JavaNativeFoundation.framework/Versions/A/JavaNativeFoundation
0x00007fff3a91e000 	/System/Library/Frameworks/JavaVM.framework/Versions/A/Frameworks/JavaRuntimeSupport.framework/Versions/A/JavaRuntimeSupport
0x00007fff3a926000 	/System/Library/Frameworks/JavaVM.framework/Versions/A/JavaVM
0x00007fff5b353000 	/System/Library/PrivateFrameworks/JavaLaunching.framework/Versions/A/JavaLaunching
0x00007fff34bf8000 	/System/Library/Frameworks/Carbon.framework/Versions/A/Carbon
0x00007fff4f93d000 	/System/Library/PrivateFrameworks/CoreSymbolication.framework/Versions/A/CoreSymbolication
0x00007fff34bf9000 	/System/Library/Frameworks/Carbon.framework/Versions/A/Frameworks/CommonPanels.framework/Versions/A/CommonPanels
0x00007fff34ef2000 	/System/Library/Frameworks/Carbon.framework/Versions/A/Frameworks/Help.framework/Versions/A/Help
0x00007fff34ef6000 	/System/Library/Frameworks/Carbon.framework/Versions/A/Frameworks/ImageCapture.framework/Versions/A/ImageCapture
0x00007fff34efd000 	/System/Library/Frameworks/Carbon.framework/Versions/A/Frameworks/OpenScripting.framework/Versions/A/OpenScripting
0x00007fff34efc000 	/System/Library/Frameworks/Carbon.framework/Versions/A/Frameworks/Ink.framework/Versions/A/Ink
0x00007fff34f38000 	/System/Library/Frameworks/Carbon.framework/Versions/A/Frameworks/Print.framework/Versions/A/Print
0x00007fff34f39000 	/System/Library/Frameworks/Carbon.framework/Versions/A/Frameworks/SecurityHI.framework/Versions/A/SecurityHI
0x00007fff500bf000 	/System/Library/PrivateFrameworks/DebugSymbols.framework/Versions/A/DebugSymbols
0x000000010a0b0000 	/Library/Java/JavaVirtualMachines/jdk-14.0.1.jdk/Contents/Home/lib/libawt_lwawt.dylib
0x000000010a162000 	/Library/Java/JavaVirtualMachines/jdk-14.0.1.jdk/Contents/Home/lib/libosxapp.dylib
0x00007fff384d6000 	/System/Library/Frameworks/ExceptionHandling.framework/Versions/A/ExceptionHandling
0x000000010a182000 	/Library/Java/JavaVirtualMachines/jdk-14.0.1.jdk/Contents/Home/lib/libfontmanager.dylib
0x000000010a288000 	/Library/Java/JavaVirtualMachines/jdk-14.0.1.jdk/Contents/Home/lib/libfreetype.dylib
0x00007fff4f3b6000 	/System/Library/PrivateFrameworks/CoreServicesInternal.framework/Versions/A/CoreServicesInternal
0x00007fff384f5000 	/System/Library/Frameworks/FileProvider.framework/Versions/A/FileProvider
0x00007fff33088000 	/System/Library/Frameworks/Accounts.framework/Versions/A/Accounts
0x00007fff577a0000 	/System/Library/PrivateFrameworks/GenerationalStorage.framework/Versions/A/GenerationalStorage
0x00007fff665f6000 	/System/Library/PrivateFrameworks/SymptomDiagnosticReporter.framework/Versions/A/SymptomDiagnosticReporter
0x00007fff490f5000 	/System/Library/PrivateFrameworks/AppContainer.framework/Versions/A/AppContainer
0x00007fff6f007000 	/usr/lib/libsandbox.1.dylib
0x00007fff67f68000 	/System/Library/PrivateFrameworks/UserManagement.framework/Versions/A/UserManagement
0x00007fff4be99000 	/System/Library/PrivateFrameworks/ChunkingLibrary.framework/Versions/A/ChunkingLibrary
0x00007fff49167000 	/System/Library/PrivateFrameworks/AppSandbox.framework/Versions/A/AppSandbox
0x00007fff63bbf000 	/System/Library/PrivateFrameworks/SecCodeWrapper.framework/Versions/A/SecCodeWrapper
0x00007fff6cebe000 	/usr/lib/libMatch.1.dylib
0x00007fff29070000 	/System/Library/CoreServices/RawCamera.bundle/Contents/MacOS/RawCamera
0x00007fff5cc98000 	/System/Library/PrivateFrameworks/MobileAsset.framework/Versions/A/MobileAsset
0x00007fff6649e000 	/System/Library/PrivateFrameworks/StreamingZip.framework/Versions/A/StreamingZip
0x00007fff3ada6000 	/System/Library/Frameworks/MediaToolbox.framework/Versions/A/MediaToolbox
0x00007fff4d8ad000 	/System/Library/PrivateFrameworks/CoreAVCHD.framework/Versions/A/CoreAVCHD
0x00007fff3acd0000 	/System/Library/Frameworks/MediaAccessibility.framework/Versions/A/MediaAccessibility
0x00007fff5c04c000 	/System/Library/PrivateFrameworks/Mangrove.framework/Versions/A/Mangrove
0x00007fff3719e000 	/System/Library/Frameworks/CoreMedia.framework/Versions/A/CoreMedia
0x00007fff5c2b8000 	/System/Library/PrivateFrameworks/MediaExperience.framework/Versions/A/MediaExperience
0x00007fff43c90000 	/System/Library/Frameworks/VideoToolbox.framework/Versions/A/VideoToolbox
0x00007fff4d4d7000 	/System/Library/PrivateFrameworks/CoreAUC.framework/Versions/A/CoreAUC
0x00007fff6f05f000 	/usr/lib/libspindump.dylib
0x00007fff4a535000 	/System/Library/PrivateFrameworks/AudioResourceArbitration.framework/Versions/A/AudioResourceArbitration
0x00007fff49f4a000 	/System/Library/PrivateFrameworks/AppleVA.framework/Versions/A/AppleVA
0x00007fff31c06000 	/System/Library/Frameworks/Accelerate.framework/Versions/A/Frameworks/vImage.framework/Versions/A/Libraries/libCGInterfaces.dylib
0x000000010b631000 	/usr/lib/libobjc-trampolines.dylib
0x00007fff52837000 	/System/Library/PrivateFrameworks/FontServices.framework/libTrueTypeScaler.dylib
0x00007fff2e97e000 	/System/Library/Extensions/AppleIntelKBLGraphicsMTLDriver.bundle/Contents/MacOS/AppleIntelKBLGraphicsMTLDriver
0x00007fff55dc0000 	/System/Library/PrivateFrameworks/GPUCompiler.framework/Versions/3902/Libraries/libmetal_timestamp.dylib
0x00007fff68d34000 	/System/Library/PrivateFrameworks/ViewBridge.framework/Versions/A/ViewBridge
0x000000012830d000 	/Users/chelsealee/DHSCSA/DrawingBoard/libs/liblwjgl.dylib
0x000000012838f000 	/Library/Java/JavaVirtualMachines/jdk-14.0.1.jdk/Contents/Home/lib/libjawt.dylib
0x00007fff40b22000 	/System/Library/Frameworks/OpenGL.framework/Versions/A/Resources/GLEngine.bundle/GLEngine
0x00007fff3ff05000 	/System/Library/Frameworks/OpenGL.framework/Versions/A/Libraries/libGLProgrammability.dylib
0x00007fff2d976000 	/System/Library/Extensions/AppleIntelKBLGraphicsGLDriver.bundle/Contents/MacOS/AppleIntelKBLGraphicsGLDriver
0x00007fff5746f000 	/System/Library/PrivateFrameworks/GPUSupport.framework/Versions/A/Libraries/libGPUSupportMercury.dylib
0x00007fff40c9c000 	/System/Library/Frameworks/OpenGL.framework/Versions/A/Resources/GLRendererFloat.bundle/GLRendererFloat
0x00007fff3f4be000 	/System/Library/Frameworks/OpenCL.framework/Versions/A/Libraries/libcldcpuengine.dylib
0x00007fff69fc6000 	/System/Library/PrivateFrameworks/login.framework/Versions/A/login


VM Arguments:
jvm_args: -Djava.library.path=libs/ -javaagent:/Applications/IntelliJ IDEA CE.app/Contents/lib/idea_rt.jar=50050:/Applications/IntelliJ IDEA CE.app/Contents/bin -Dfile.encoding=UTF-8 
java_command: Main
java_class_path (initial): /Users/chelsealee/DHSCSA/DrawingBoard/out/production/DrawingBoard:/Users/chelsealee/Downloads/lwjgl-2.9.3/jar/lwjgl_util.jar:/Users/chelsealee/Downloads/lwjgl-2.9.3/jar/lwjgl.jar
Launcher Type: SUN_STANDARD

[Global flags]
     intx CICompilerCount                          = 3                                         {product} {ergonomic}
     uint ConcGCThreads                            = 1                                         {product} {ergonomic}
     uint G1ConcRefinementThreads                  = 4                                         {product} {ergonomic}
   size_t G1HeapRegionSize                         = 1048576                                   {product} {ergonomic}
    uintx GCDrainStackTargetSize                   = 64                                        {product} {ergonomic}
   size_t InitialHeapSize                          = 134217728                                 {product} {ergonomic}
   size_t MarkStackSize                            = 4194304                                   {product} {ergonomic}
   size_t MaxHeapSize                              = 2147483648                                {product} {ergonomic}
   size_t MaxNewSize                               = 1287651328                                {product} {ergonomic}
   size_t MinHeapDeltaBytes                        = 1048576                                   {product} {ergonomic}
   size_t MinHeapSize                              = 8388608                                   {product} {ergonomic}
    uintx NonNMethodCodeHeapSize                   = 5832780                                {pd product} {ergonomic}
    uintx NonProfiledCodeHeapSize                  = 122912730                              {pd product} {ergonomic}
    uintx ProfiledCodeHeapSize                     = 122912730                              {pd product} {ergonomic}
    uintx ReservedCodeCacheSize                    = 251658240                              {pd product} {ergonomic}
     bool SegmentedCodeCache                       = true                                      {product} {ergonomic}
   size_t SoftMaxHeapSize                          = 2147483648                             {manageable} {ergonomic}
     bool UseCompressedClassPointers               = true                                 {lp64_product} {ergonomic}
     bool UseCompressedOops                        = true                                 {lp64_product} {ergonomic}
     bool UseG1GC                                  = true                                      {product} {ergonomic}

Logging:
Log output configuration:
 #0: stdout all=warning uptime,level,tags
 #1: stderr all=off uptime,level,tags

Environment Variables:
PATH=/Library/Frameworks/Python.framework/Versions/3.8/bin:/usr/local/bin:/usr/bin:/bin:/usr/sbin:/sbin
SHELL=/bin/bash

Signal Handlers:
SIGSEGV: [libjvm.dylib+0x741570], sa_mask[0]=11111111011111110111111111111111, sa_flags=SA_ONSTACK|SA_RESTART|SA_SIGINFO
SIGBUS: [libjvm.dylib+0x741570], sa_mask[0]=11111111011111110111111111111111, sa_flags=SA_RESTART|SA_SIGINFO
SIGFPE: [libjvm.dylib+0x741570], sa_mask[0]=11111111011111110111111111111111, sa_flags=SA_RESTART|SA_SIGINFO
SIGPIPE: [libjvm.dylib+0x5eb393], sa_mask[0]=11111111011111110111111111111111, sa_flags=SA_RESTART|SA_SIGINFO
SIGXFSZ: [libjvm.dylib+0x5eb393], sa_mask[0]=11111111011111110111111111111111, sa_flags=SA_RESTART|SA_SIGINFO
SIGILL: [libjvm.dylib+0x741570], sa_mask[0]=11111111011111110111111111111111, sa_flags=SA_RESTART|SA_SIGINFO
SIGUSR2: [libjvm.dylib+0x5eb965], sa_mask[0]=00100000000000000000000000000000, sa_flags=SA_RESTART|SA_SIGINFO
SIGHUP: [libjvm.dylib+0x5ea9c7], sa_mask[0]=11111111011111110111111111111111, sa_flags=SA_RESTART|SA_SIGINFO
SIGINT: [libjvm.dylib+0x5ea9c7], sa_mask[0]=11111111011111110111111111111111, sa_flags=SA_RESTART|SA_SIGINFO
SIGTERM: [libjvm.dylib+0x5ea9c7], sa_mask[0]=11111111011111110111111111111111, sa_flags=SA_RESTART|SA_SIGINFO
SIGQUIT: [libjvm.dylib+0x5ea9c7], sa_mask[0]=11111111011111110111111111111111, sa_flags=SA_RESTART|SA_SIGINFO


---------------  S Y S T E M  ---------------

OS:uname:Darwin 19.6.0 Darwin Kernel Version 19.6.0: Tue Jan 12 22:13:05 PST 2021; root:xnu-6153.141.16~1/RELEASE_X86_64 x86_64
OS uptime: 0 days 0:36 hours
rlimit: STACK 8192k, CORE 0k, NPROC 1392, NOFILE 10240, AS infinity, DATA infinity, FSIZE infinity
load average:2.88 2.01 2.71

CPU:total 4 (initial active 4) (2 cores per cpu, 2 threads per core) family 6 model 142 stepping 9, cmov, cx8, fxsr, mmx, sse, sse2, sse3, ssse3, sse4.1, sse4.2, popcnt, avx, avx2, aes, clmul, erms, rtm, 3dnowpref, lzcnt, ht, tsc, tscinvbit, bmi1, bmi2, adx, fma

Memory: 4k page, physical 8388608k(72448k free), swap 0k(0k free)

vm_info: Java HotSpot(TM) 64-Bit Server VM (14.0.1+7) for bsd-amd64 JRE (14.0.1+7), built on Mar  5 2020 10:34:17 by "mach5one" with clang 4.2.1 Compatible Apple LLVM 10.0.0 (clang-1000.11.45.5)

END.
