#
# A fatal error has been detected by the Java Runtime Environment:
#
#  SIGILL (0x4) at pc=0x00007fff2ab5e373, pid=29271, tid=775
#
# JRE version: Java(TM) SE Runtime Environment (14.0.1+7) (build 14.0.1+7)
# Java VM: Java HotSpot(TM) 64-Bit Server VM (14.0.1+7, mixed mode, sharing, tiered, compressed oops, g1 gc, bsd-amd64)
# Problematic frame:
# C  [AppKit+0x423373]  -[NSApplication _crashOnException:]+0x6a
#
# No core dump will be written. Core dumps have been disabled. To enable core dumping, try "ulimit -c unlimited" before starting Java again
#
# If you would like to submit a bug report, please visit:
#   https://bugreport.java.com/bugreport/crash.jsp
# The crash happened outside the Java Virtual Machine in native code.
# See problematic frame for where to report the bug.
#

---------------  S U M M A R Y ------------

Command Line: -Djava.library.path=libs/ -javaagent:/Applications/IntelliJ IDEA CE.app/Contents/lib/idea_rt.jar=56362:/Applications/IntelliJ IDEA CE.app/Contents/bin -Dfile.encoding=UTF-8 Main

Host: MacBookPro14,1 x86_64 2300 MHz, 4 cores, 8G, Darwin 19.6.0
Time: Sun Feb  7 12:25:58 2021 PST elapsed time: 0 seconds (0d 0h 0m 0s)

---------------  T H R E A D  ---------------

Current thread (0x00007fa1e18dd800):  JavaThread "AppKit Thread" daemon [_thread_in_native, id=775, stack(0x00007ffee027d000,0x00007ffee0a7d000)]

Stack: [0x00007ffee027d000,0x00007ffee0a7d000],  sp=0x00007ffee0a79050,  free space=8176k
Native frames: (J=compiled Java code, A=aot compiled Java code, j=interpreted, Vv=VM code, C=native code)
C  [AppKit+0x423373]  -[NSApplication _crashOnException:]+0x6a
C  [AppKit+0x1e0fbc]  __62+[CATransaction(NSCATransaction) NS_setFlushesWithDisplayLink]_block_invoke+0x325
C  [AppKit+0x900080]  ___NSRunLoopObserverCreateWithHandler_block_invoke+0x29
C  [CoreFoundation+0x83335]  __CFRUNLOOP_IS_CALLING_OUT_TO_AN_OBSERVER_CALLBACK_FUNCTION__+0x17
C  [CoreFoundation+0x83267]  __CFRunLoopDoObservers+0x1c9
C  [CoreFoundation+0x82805]  __CFRunLoopRun+0x36a
C  [CoreFoundation+0x81e3e]  CFRunLoopRunSpecific+0x1ce
C  [HIToolbox+0x2fabd]  RunCurrentEventLoopInMode+0x124
C  [HIToolbox+0x2f7d5]  ReceiveNextEventCommon+0x248
C  [HIToolbox+0x2f579]  _BlockUntilNextEventMatchingListInModeWithFilter+0x40
C  [AppKit+0x41039]  _DPSNextEvent+0x373
C  [AppKit+0x3f880]  -[NSApplication(NSEvent) _nextEventMatchingEventMask:untilDate:inMode:dequeue:]+0x548
C  [libosxapp.dylib+0x291e]  -[NSApplicationAWT nextEventMatchingMask:untilDate:inMode:dequeue:]+0x79
C  [AppKit+0x3158e]  -[NSApplication run]+0x292
C  [libosxapp.dylib+0x2763]  +[NSApplicationAWT runAWTLoopWithApp:]+0xde
C  [libawt_lwawt.dylib+0x39051]  +[AWTStarter starter:headless:]+0x342
C  [JavaNativeFoundation+0x6ff9]  +[JNFRunLoop _performCopiedBlock:]+0xf
C  [Foundation+0x9b0ed]  __NSThreadPerformPerform+0xcc
C  [CoreFoundation+0x83d52]  __CFRUNLOOP_IS_CALLING_OUT_TO_A_SOURCE0_PERFORM_FUNCTION__+0x11
C  [CoreFoundation+0x83cf1]  __CFRunLoopDoSource0+0x67
C  [CoreFoundation+0x83b0b]  __CFRunLoopDoSources0+0xd1
C  [CoreFoundation+0x8283a]  __CFRunLoopRun+0x39f
C  [CoreFoundation+0x81e3e]  CFRunLoopRunSpecific+0x1ce
C  [libjli.dylib+0x65c1]  CreateExecutionEnvironment+0x18f
C  [libjli.dylib+0x2752]  JLI_Launch+0x54a
C  [java+0xca9]  main+0x16f
C  [libdyld.dylib+0x1acc9]  start+0x1


siginfo: si_signo: 4 (SIGILL), si_code: 1 (ILL_ILLOPC), si_addr: 0x00007fff2ab5e373

Register to memory mapping:

RAX=0x00007fa1e2155a00 points into unknown readable memory: 30 20 20 20 43 6f 72 65
RBX=0x00007fa1e15c2fb0 points into unknown readable memory: 39 14 eb 84 ff ff 1d 01
RCX=0xb389fd4466ca00bc is an unknown value
RDX=0x0000000000000001 is an unknown value
RSP=0x00007ffee0a79050 is pointing into the stack for thread: 0x00007fa1e18dd800
RBP=0x00007ffee0a79060 is pointing into the stack for thread: 0x00007fa1e18dd800
RSI=0x0000000000000ee4 is an unknown value
RDI=0x00007ffee0a78bf0 is pointing into the stack for thread: 0x00007fa1e18dd800
R8 =0x0000000000000e00 is an unknown value
R9 =0x00007fa1e21568e4 points into unknown readable memory: 00 c7 5f 00
R10=0x00000000000000e4 is an unknown value
R11=0x00007ffee0a788b8 is pointing into the stack for thread: 0x00007fa1e18dd800
R12=0x00007fa1e18ae098 points into unknown readable memory: 00 00 00 00 00 00 00 00
R13=0x0000000000000002 is an unknown value
R14=0x00007fff663f6800: objc_msgSend+0 in /usr/lib/libobjc.A.dylib at 0x00007fff663f0000
R15=0x00007fa1e15b8230 points into unknown readable memory: 89 05 eb 84 ff ff 1d 00


Registers:
RAX=0x00007fa1e2155a00, RBX=0x00007fa1e15c2fb0, RCX=0xb389fd4466ca00bc, RDX=0x0000000000000001
RSP=0x00007ffee0a79050, RBP=0x00007ffee0a79060, RSI=0x0000000000000ee4, RDI=0x00007ffee0a78bf0
R8 =0x0000000000000e00, R9 =0x00007fa1e21568e4, R10=0x00000000000000e4, R11=0x00007ffee0a788b8
R12=0x00007fa1e18ae098, R13=0x0000000000000002, R14=0x00007fff663f6800, R15=0x00007fa1e15b8230
RIP=0x00007fff2ab5e373, EFLAGS=0x0000000000010202, ERR=0x0000000000000000
  TRAPNO=0x0000000000000006

Top of Stack: (sp=0x00007ffee0a79050)
0x00007ffee0a79050:   00007fa1e15c30f0 00007fa1e1551d90
0x00007ffee0a79060:   00007ffee0a79180 00007fff2a91bfbc
0x00007ffee0a79070:   00007ffee0a790b0 00007fff2a798842
0x00007ffee0a79080:   b389fd4466ca00bc 0000000000000001
0x00007ffee0a79090:   00007fa1e164eaa0 00000000000000b0
0x00007ffee0a790a0:   0000000080000000 0000000000000002
0x00007ffee0a790b0:   00007fa1e14fae50 00007fa1e14fae50
0x00007ffee0a790c0:   00007fa1e1400000 0000000000000005
0x00007ffee0a790d0:   00007fa1e14fae20 00007fa1e14fae20
0x00007ffee0a790e0:   0000000000000030 000000010f1a3a00
0x00007ffee0a790f0:   00007ffee0a79180 00007fff677672d6
0x00007ffee0a79100:   ffffffff00000000 00007fa1e1400000
0x00007ffee0a79110:   00007fa1e14fae50 00007fa100000000
0x00007ffee0a79120:   0000000200000002 00007fa1e1400000
0x00007ffee0a79130:   00007fa1e14fae20 00007fa1e14fae50
0x00007ffee0a79140:   0000000000000005 000000010f1a1080
0x00007ffee0a79150:   b389fd4466ca00bc 00007fa1e15b1840
0x00007ffee0a79160:   00007fa1e18ae098 0000000000000002
0x00007ffee0a79170:   0000000000000002 00007fa1e15b8230
0x00007ffee0a79180:   00007ffee0a791b0 00007fff2b03b080
0x00007ffee0a79190:   00007fa1e15b8230 00007fa1e15b1840
0x00007ffee0a791a0:   0000000000000000 00007fff2d50b7a7
0x00007ffee0a791b0:   00007ffee0a791c0 00007fff2d50b335
0x00007ffee0a791c0:   00007ffee0a79270 00007fff2d50b267
0x00007ffee0a791d0:   00007fa1e15b8230 0000000000000020
0x00007ffee0a791e0:   00007fff84eafde0 00007fff2d50b13e
0x00007ffee0a791f0:   0000000500002d8a 00007fa1e1604810
0x00007ffee0a79200:   00007ffee0a791d0 00007ffee0a791f0
0x00007ffee0a79210:   00007ffee0a791d0 00007fa1e1604820
0x00007ffee0a79220:   00007fa1e1604720 0000000000000002
0x00007ffee0a79230:   00007fa1e1604710 0000000000000001
0x00007ffee0a79240:   b389fd4466ca00bc 00007fa1e1604710 

Instructions: (pc=0x00007fff2ab5e373)
0x00007fff2ab5e273:   df 48 8b 95 28 ff ff ff ff 15 c7 e6 97 59 48 8b
0x00007fff2ab5e283:   05 00 ce 97 59 48 8b 00 48 3b 45 d0 75 5e 48 81
0x00007fff2ab5e293:   c4 28 01 00 00 5b 41 5c 41 5d 41 5e 41 5f 5d c3
0x00007fff2ab5e2a3:   48 8d 3d fe 26 d0 59 48 8d 35 17 19 9a 59 e8 94
0x00007fff2ab5e2b3:   24 74 00 e9 50 fc ff ff 48 8d 3d 46 2f 9b 59 48
0x00007fff2ab5e2c3:   8d 15 ed 2a d0 59 31 f6 31 c9 e8 52 11 be ff e9
0x00007fff2ab5e2d3:   5d ff ff ff 48 8d 3d ca 26 d0 59 48 8d 35 e3 18
0x00007fff2ab5e2e3:   9a 59 e8 60 24 74 00 e9 89 fc ff ff e8 4c 22 74
0x00007fff2ab5e2f3:   00 48 89 c3 e8 68 28 74 00 48 89 df e8 ee 21 74
0x00007fff2ab5e303:   00 0f 0b 90 90 90 55 48 89 e5 41 56 53 48 89 d3
0x00007fff2ab5e313:   48 8b 35 36 fc c7 59 4c 8b 35 27 e6 97 59 48 89
0x00007fff2ab5e323:   d7 41 ff d6 48 8d 3d da 21 9b 59 48 89 c6 31 c0
0x00007fff2ab5e333:   e8 44 9e e0 ff 48 8b 35 b1 1f c8 59 48 89 df 41
0x00007fff2ab5e343:   ff d6 48 8b 35 b4 33 c8 59 48 8d 15 b5 12 9b 59
0x00007fff2ab5e353:   48 89 c7 ff 15 ec e5 97 59 48 8b 35 e5 ef c7 59
0x00007fff2ab5e363:   48 89 c7 ff 15 dc e5 97 59 48 89 05 25 db cf 59
0x00007fff2ab5e373:   0f 0b 48 89 c7 e8 c3 27 74 00 31 ff 31 f6 31 c0
0x00007fff2ab5e383:   e8 f4 9d e0 ff e8 e3 27 74 00 0f 0b 48 89 c3 e8
0x00007fff2ab5e393:   cd 27 74 00 48 89 df e8 53 21 74 00 0f 0b e8 9c
0x00007fff2ab5e3a3:   28 74 00 55 48 89 e5 41 57 41 56 41 55 41 54 53
0x00007fff2ab5e3b3:   48 83 ec 68 4d 89 c6 f2 0f 11 8d 78 ff ff ff f2
0x00007fff2ab5e3c3:   0f 11 45 80 49 89 cf 48 89 d3 48 8b 35 34 f3 c7
0x00007fff2ab5e3d3:   59 48 89 d7 ff 15 6b e5 97 59 48 83 f8 01 0f 85
0x00007fff2ab5e3e3:   c2 01 00 00 4c 89 75 c8 31 ff e8 94 14 74 00 48
0x00007fff2ab5e3f3:   89 45 d0 48 8b 35 13 fd c7 59 4c 8b 2d 44 e5 97
0x00007fff2ab5e403:   59 48 89 df 41 ff d5 48 89 c7 ff 15 45 e5 97 59
0x00007fff2ab5e413:   49 89 c6 4c 8b 25 4b 02 c8 59 48 89 df 4c 89 e6
0x00007fff2ab5e423:   41 ff d5 f2 0f 11 45 a0 f2 0f 11 4d a8 48 8b 35
0x00007fff2ab5e433:   c9 f1 c7 59 48 8b 05 d2 2b c8 59 48 89 45 88 48
0x00007fff2ab5e443:   8d 05 77 4e cf 59 4c 8b 00 ba 44 00 00 00 4c 89
0x00007fff2ab5e453:   75 c0 4c 89 f7 4c 89 f9 45 31 c9 4c 89 eb 41 ff
0x00007fff2ab5e463:   d5 48 85 c0 0f 84 60 01 00 00 49 89 c5 4c 89 bd 


Stack slot to memory mapping:
stack at sp + 0 slots: 0x00007fa1e15c30f0 points into unknown readable memory: 00 2b 2b 43 47 4e 4c 43
stack at sp + 1 slots: 0x00007fa1e1551d90 points into unknown readable memory: c0 15 cc 8d ff 7f 00 00
stack at sp + 2 slots: 0x00007ffee0a79180 is pointing into the stack for thread: 0x00007fa1e18dd800
stack at sp + 3 slots: 0x00007fff2a91bfbc: __62+[CATransaction(NSCATransaction) NS_setFlushesWithDisplayLink]_block_invoke+0x325 in /System/Library/Frameworks/AppKit.framework/Versions/C/AppKit at 0x00007fff2a73b000
stack at sp + 4 slots: 0x00007ffee0a790b0 is pointing into the stack for thread: 0x00007fa1e18dd800
stack at sp + 5 slots: 0x00007fff2a798842: -[NSDisplayCycle containsObserver:]+0x62 in /System/Library/Frameworks/AppKit.framework/Versions/C/AppKit at 0x00007fff2a73b000
stack at sp + 6 slots: 0xb389fd4466ca00bc is an unknown value
stack at sp + 7 slots: 0x0000000000000001 is an unknown value


---------------  P R O C E S S  ---------------

Threads class SMR info:
_java_thread_list=0x00007fa1e1551660, length=13, elements={
0x00007fa1e3009000, 0x00007fa1e1825000, 0x00007fa1e3048000, 0x00007fa1e304a000,
0x00007fa1e2813000, 0x00007fa1e2810800, 0x00007fa1e304d000, 0x00007fa1e1826000,
0x00007fa1e2811800, 0x00007fa1e2843800, 0x00007fa1e2844000, 0x00007fa1e18dd800,
0x00007fa1e28f0000
}

Java Threads: ( => current thread )
  0x00007fa1e3009000 JavaThread "main" [_thread_in_vm, id=5891, stack(0x0000700004813000,0x0000700004913000)]
  0x00007fa1e1825000 JavaThread "Reference Handler" daemon [_thread_blocked, id=18435, stack(0x0000700004f28000,0x0000700005028000)]
  0x00007fa1e3048000 JavaThread "Finalizer" daemon [_thread_blocked, id=17923, stack(0x000070000502b000,0x000070000512b000)]
  0x00007fa1e304a000 JavaThread "Signal Dispatcher" daemon [_thread_blocked, id=22275, stack(0x0000700005234000,0x0000700005334000)]
  0x00007fa1e2813000 JavaThread "Service Thread" daemon [_thread_blocked, id=22531, stack(0x0000700005337000,0x0000700005437000)]
  0x00007fa1e2810800 JavaThread "C2 CompilerThread0" daemon [_thread_blocked, id=22787, stack(0x000070000543a000,0x000070000553a000)]
  0x00007fa1e304d000 JavaThread "C1 CompilerThread0" daemon [_thread_blocked, id=42243, stack(0x000070000553d000,0x000070000563d000)]
  0x00007fa1e1826000 JavaThread "Sweeper thread" daemon [_thread_blocked, id=23811, stack(0x0000700005640000,0x0000700005740000)]
  0x00007fa1e2811800 JavaThread "Common-Cleaner" daemon [_thread_blocked, id=24067, stack(0x0000700005743000,0x0000700005843000)]
  0x00007fa1e2843800 JavaThread "Monitor Ctrl-Break" daemon [_thread_in_native, id=40963, stack(0x0000700005846000,0x0000700005946000)]
  0x00007fa1e2844000 JavaThread "Notification Thread" daemon [_thread_blocked, id=24835, stack(0x0000700005949000,0x0000700005a49000)]
=>0x00007fa1e18dd800 JavaThread "AppKit Thread" daemon [_thread_in_native, id=775, stack(0x00007ffee027d000,0x00007ffee0a7d000)]
  0x00007fa1e28f0000 JavaThread "AWT-Shutdown" [_thread_blocked, id=32267, stack(0x0000700005bd2000,0x0000700005cd2000)]

Other Threads:
  0x00007fa1e2043000 VMThread "VM Thread" [stack: 0x0000700004e25000,0x0000700004f25000] [id=14339]
  0x00007fa1e2011000 WatcherThread [stack: 0x0000700005a4c000,0x0000700005b4c000] [id=25347]
  0x00007fa1e2030000 GCTaskThread "GC Thread#0" [stack: 0x0000700004916000,0x0000700004a16000] [id=12291]
  0x00007fa1e181c000 ConcurrentGCThread "G1 Main Marker" [stack: 0x0000700004a19000,0x0000700004b19000] [id=12547]
  0x00007fa1e2814800 ConcurrentGCThread "G1 Conc#0" [stack: 0x0000700004b1c000,0x0000700004c1c000] [id=19203]
  0x00007fa1e2841800 ConcurrentGCThread "G1 Refine#0" [stack: 0x0000700004c1f000,0x0000700004d1f000] [id=13571]
  0x00007fa1e1824000 ConcurrentGCThread "G1 Young RemSet Sampling" [stack: 0x0000700004d22000,0x0000700004e22000] [id=18947]

Threads with active compile tasks:

VM state:not at safepoint (normal execution)

VM Mutex/Monitor currently owned by a thread: None

Heap address: 0x0000000780000000, size: 2048 MB, Compressed Oops mode: Zero based, Oop shift amount: 3
Narrow klass base: 0x0000000800000000, Narrow klass shift: 3
Compressed class space size: 1073741824 Address: 0x0000000800b05000

Heap:
 garbage-first heap   total 133120K, used 3888K [0x0000000780000000, 0x0000000800000000)
  region size 1024K, 5 young (5120K), 0 survivors (0K)
 Metaspace       used 2745K, capacity 5303K, committed 5760K, reserved 1056768K
  class space    used 258K, capacity 510K, committed 640K, reserved 1048576K
Heap Regions: E=young(eden), S=young(survivor), O=old, HS=humongous(starts), HC=humongous(continues), CS=collection set, F=free, OA=open archive, CA=closed archive, TAMS=top-at-mark-start (previous, next)
|   0|0x0000000780000000, 0x0000000780000000, 0x0000000780100000|  0%| F|  |TAMS 0x0000000780000000, 0x0000000780000000| Untracked 
|   1|0x0000000780100000, 0x0000000780100000, 0x0000000780200000|  0%| F|  |TAMS 0x0000000780100000, 0x0000000780100000| Untracked 
|   2|0x0000000780200000, 0x0000000780200000, 0x0000000780300000|  0%| F|  |TAMS 0x0000000780200000, 0x0000000780200000| Untracked 
|   3|0x0000000780300000, 0x0000000780300000, 0x0000000780400000|  0%| F|  |TAMS 0x0000000780300000, 0x0000000780300000| Untracked 
|   4|0x0000000780400000, 0x0000000780400000, 0x0000000780500000|  0%| F|  |TAMS 0x0000000780400000, 0x0000000780400000| Untracked 
|   5|0x0000000780500000, 0x0000000780500000, 0x0000000780600000|  0%| F|  |TAMS 0x0000000780500000, 0x0000000780500000| Untracked 
|   6|0x0000000780600000, 0x0000000780600000, 0x0000000780700000|  0%| F|  |TAMS 0x0000000780600000, 0x0000000780600000| Untracked 
|   7|0x0000000780700000, 0x0000000780700000, 0x0000000780800000|  0%| F|  |TAMS 0x0000000780700000, 0x0000000780700000| Untracked 
|   8|0x0000000780800000, 0x0000000780800000, 0x0000000780900000|  0%| F|  |TAMS 0x0000000780800000, 0x0000000780800000| Untracked 
|   9|0x0000000780900000, 0x0000000780900000, 0x0000000780a00000|  0%| F|  |TAMS 0x0000000780900000, 0x0000000780900000| Untracked 
|  10|0x0000000780a00000, 0x0000000780a00000, 0x0000000780b00000|  0%| F|  |TAMS 0x0000000780a00000, 0x0000000780a00000| Untracked 
|  11|0x0000000780b00000, 0x0000000780b00000, 0x0000000780c00000|  0%| F|  |TAMS 0x0000000780b00000, 0x0000000780b00000| Untracked 
|  12|0x0000000780c00000, 0x0000000780c00000, 0x0000000780d00000|  0%| F|  |TAMS 0x0000000780c00000, 0x0000000780c00000| Untracked 
|  13|0x0000000780d00000, 0x0000000780d00000, 0x0000000780e00000|  0%| F|  |TAMS 0x0000000780d00000, 0x0000000780d00000| Untracked 
|  14|0x0000000780e00000, 0x0000000780e00000, 0x0000000780f00000|  0%| F|  |TAMS 0x0000000780e00000, 0x0000000780e00000| Untracked 
|  15|0x0000000780f00000, 0x0000000780f00000, 0x0000000781000000|  0%| F|  |TAMS 0x0000000780f00000, 0x0000000780f00000| Untracked 
|  16|0x0000000781000000, 0x0000000781000000, 0x0000000781100000|  0%| F|  |TAMS 0x0000000781000000, 0x0000000781000000| Untracked 
|  17|0x0000000781100000, 0x0000000781100000, 0x0000000781200000|  0%| F|  |TAMS 0x0000000781100000, 0x0000000781100000| Untracked 
|  18|0x0000000781200000, 0x0000000781200000, 0x0000000781300000|  0%| F|  |TAMS 0x0000000781200000, 0x0000000781200000| Untracked 
|  19|0x0000000781300000, 0x0000000781300000, 0x0000000781400000|  0%| F|  |TAMS 0x0000000781300000, 0x0000000781300000| Untracked 
|  20|0x0000000781400000, 0x0000000781400000, 0x0000000781500000|  0%| F|  |TAMS 0x0000000781400000, 0x0000000781400000| Untracked 
|  21|0x0000000781500000, 0x0000000781500000, 0x0000000781600000|  0%| F|  |TAMS 0x0000000781500000, 0x0000000781500000| Untracked 
|  22|0x0000000781600000, 0x0000000781600000, 0x0000000781700000|  0%| F|  |TAMS 0x0000000781600000, 0x0000000781600000| Untracked 
|  23|0x0000000781700000, 0x0000000781700000, 0x0000000781800000|  0%| F|  |TAMS 0x0000000781700000, 0x0000000781700000| Untracked 
|  24|0x0000000781800000, 0x0000000781800000, 0x0000000781900000|  0%| F|  |TAMS 0x0000000781800000, 0x0000000781800000| Untracked 
|  25|0x0000000781900000, 0x0000000781900000, 0x0000000781a00000|  0%| F|  |TAMS 0x0000000781900000, 0x0000000781900000| Untracked 
|  26|0x0000000781a00000, 0x0000000781a00000, 0x0000000781b00000|  0%| F|  |TAMS 0x0000000781a00000, 0x0000000781a00000| Untracked 
|  27|0x0000000781b00000, 0x0000000781b00000, 0x0000000781c00000|  0%| F|  |TAMS 0x0000000781b00000, 0x0000000781b00000| Untracked 
|  28|0x0000000781c00000, 0x0000000781c00000, 0x0000000781d00000|  0%| F|  |TAMS 0x0000000781c00000, 0x0000000781c00000| Untracked 
|  29|0x0000000781d00000, 0x0000000781d00000, 0x0000000781e00000|  0%| F|  |TAMS 0x0000000781d00000, 0x0000000781d00000| Untracked 
|  30|0x0000000781e00000, 0x0000000781e00000, 0x0000000781f00000|  0%| F|  |TAMS 0x0000000781e00000, 0x0000000781e00000| Untracked 
|  31|0x0000000781f00000, 0x0000000781f00000, 0x0000000782000000|  0%| F|  |TAMS 0x0000000781f00000, 0x0000000781f00000| Untracked 
|  32|0x0000000782000000, 0x0000000782000000, 0x0000000782100000|  0%| F|  |TAMS 0x0000000782000000, 0x0000000782000000| Untracked 
|  33|0x0000000782100000, 0x0000000782100000, 0x0000000782200000|  0%| F|  |TAMS 0x0000000782100000, 0x0000000782100000| Untracked 
|  34|0x0000000782200000, 0x0000000782200000, 0x0000000782300000|  0%| F|  |TAMS 0x0000000782200000, 0x0000000782200000| Untracked 
|  35|0x0000000782300000, 0x0000000782300000, 0x0000000782400000|  0%| F|  |TAMS 0x0000000782300000, 0x0000000782300000| Untracked 
|  36|0x0000000782400000, 0x0000000782400000, 0x0000000782500000|  0%| F|  |TAMS 0x0000000782400000, 0x0000000782400000| Untracked 
|  37|0x0000000782500000, 0x0000000782500000, 0x0000000782600000|  0%| F|  |TAMS 0x0000000782500000, 0x0000000782500000| Untracked 
|  38|0x0000000782600000, 0x0000000782600000, 0x0000000782700000|  0%| F|  |TAMS 0x0000000782600000, 0x0000000782600000| Untracked 
|  39|0x0000000782700000, 0x0000000782700000, 0x0000000782800000|  0%| F|  |TAMS 0x0000000782700000, 0x0000000782700000| Untracked 
|  40|0x0000000782800000, 0x0000000782800000, 0x0000000782900000|  0%| F|  |TAMS 0x0000000782800000, 0x0000000782800000| Untracked 
|  41|0x0000000782900000, 0x0000000782900000, 0x0000000782a00000|  0%| F|  |TAMS 0x0000000782900000, 0x0000000782900000| Untracked 
|  42|0x0000000782a00000, 0x0000000782a00000, 0x0000000782b00000|  0%| F|  |TAMS 0x0000000782a00000, 0x0000000782a00000| Untracked 
|  43|0x0000000782b00000, 0x0000000782b00000, 0x0000000782c00000|  0%| F|  |TAMS 0x0000000782b00000, 0x0000000782b00000| Untracked 
|  44|0x0000000782c00000, 0x0000000782c00000, 0x0000000782d00000|  0%| F|  |TAMS 0x0000000782c00000, 0x0000000782c00000| Untracked 
|  45|0x0000000782d00000, 0x0000000782d00000, 0x0000000782e00000|  0%| F|  |TAMS 0x0000000782d00000, 0x0000000782d00000| Untracked 
|  46|0x0000000782e00000, 0x0000000782e00000, 0x0000000782f00000|  0%| F|  |TAMS 0x0000000782e00000, 0x0000000782e00000| Untracked 
|  47|0x0000000782f00000, 0x0000000782f00000, 0x0000000783000000|  0%| F|  |TAMS 0x0000000782f00000, 0x0000000782f00000| Untracked 
|  48|0x0000000783000000, 0x0000000783000000, 0x0000000783100000|  0%| F|  |TAMS 0x0000000783000000, 0x0000000783000000| Untracked 
|  49|0x0000000783100000, 0x0000000783100000, 0x0000000783200000|  0%| F|  |TAMS 0x0000000783100000, 0x0000000783100000| Untracked 
|  50|0x0000000783200000, 0x0000000783200000, 0x0000000783300000|  0%| F|  |TAMS 0x0000000783200000, 0x0000000783200000| Untracked 
|  51|0x0000000783300000, 0x0000000783300000, 0x0000000783400000|  0%| F|  |TAMS 0x0000000783300000, 0x0000000783300000| Untracked 
|  52|0x0000000783400000, 0x0000000783400000, 0x0000000783500000|  0%| F|  |TAMS 0x0000000783400000, 0x0000000783400000| Untracked 
|  53|0x0000000783500000, 0x0000000783500000, 0x0000000783600000|  0%| F|  |TAMS 0x0000000783500000, 0x0000000783500000| Untracked 
|  54|0x0000000783600000, 0x0000000783600000, 0x0000000783700000|  0%| F|  |TAMS 0x0000000783600000, 0x0000000783600000| Untracked 
|  55|0x0000000783700000, 0x0000000783700000, 0x0000000783800000|  0%| F|  |TAMS 0x0000000783700000, 0x0000000783700000| Untracked 
|  56|0x0000000783800000, 0x0000000783800000, 0x0000000783900000|  0%| F|  |TAMS 0x0000000783800000, 0x0000000783800000| Untracked 
|  57|0x0000000783900000, 0x0000000783900000, 0x0000000783a00000|  0%| F|  |TAMS 0x0000000783900000, 0x0000000783900000| Untracked 
|  58|0x0000000783a00000, 0x0000000783a00000, 0x0000000783b00000|  0%| F|  |TAMS 0x0000000783a00000, 0x0000000783a00000| Untracked 
|  59|0x0000000783b00000, 0x0000000783b00000, 0x0000000783c00000|  0%| F|  |TAMS 0x0000000783b00000, 0x0000000783b00000| Untracked 
|  60|0x0000000783c00000, 0x0000000783c00000, 0x0000000783d00000|  0%| F|  |TAMS 0x0000000783c00000, 0x0000000783c00000| Untracked 
|  61|0x0000000783d00000, 0x0000000783d00000, 0x0000000783e00000|  0%| F|  |TAMS 0x0000000783d00000, 0x0000000783d00000| Untracked 
|  62|0x0000000783e00000, 0x0000000783e00000, 0x0000000783f00000|  0%| F|  |TAMS 0x0000000783e00000, 0x0000000783e00000| Untracked 
|  63|0x0000000783f00000, 0x0000000783f00000, 0x0000000784000000|  0%| F|  |TAMS 0x0000000783f00000, 0x0000000783f00000| Untracked 
|  64|0x0000000784000000, 0x0000000784000000, 0x0000000784100000|  0%| F|  |TAMS 0x0000000784000000, 0x0000000784000000| Untracked 
|  65|0x0000000784100000, 0x0000000784100000, 0x0000000784200000|  0%| F|  |TAMS 0x0000000784100000, 0x0000000784100000| Untracked 
|  66|0x0000000784200000, 0x0000000784200000, 0x0000000784300000|  0%| F|  |TAMS 0x0000000784200000, 0x0000000784200000| Untracked 
|  67|0x0000000784300000, 0x0000000784300000, 0x0000000784400000|  0%| F|  |TAMS 0x0000000784300000, 0x0000000784300000| Untracked 
|  68|0x0000000784400000, 0x0000000784400000, 0x0000000784500000|  0%| F|  |TAMS 0x0000000784400000, 0x0000000784400000| Untracked 
|  69|0x0000000784500000, 0x0000000784500000, 0x0000000784600000|  0%| F|  |TAMS 0x0000000784500000, 0x0000000784500000| Untracked 
|  70|0x0000000784600000, 0x0000000784600000, 0x0000000784700000|  0%| F|  |TAMS 0x0000000784600000, 0x0000000784600000| Untracked 
|  71|0x0000000784700000, 0x0000000784700000, 0x0000000784800000|  0%| F|  |TAMS 0x0000000784700000, 0x0000000784700000| Untracked 
|  72|0x0000000784800000, 0x0000000784800000, 0x0000000784900000|  0%| F|  |TAMS 0x0000000784800000, 0x0000000784800000| Untracked 
|  73|0x0000000784900000, 0x0000000784900000, 0x0000000784a00000|  0%| F|  |TAMS 0x0000000784900000, 0x0000000784900000| Untracked 
|  74|0x0000000784a00000, 0x0000000784a00000, 0x0000000784b00000|  0%| F|  |TAMS 0x0000000784a00000, 0x0000000784a00000| Untracked 
|  75|0x0000000784b00000, 0x0000000784b00000, 0x0000000784c00000|  0%| F|  |TAMS 0x0000000784b00000, 0x0000000784b00000| Untracked 
|  76|0x0000000784c00000, 0x0000000784c00000, 0x0000000784d00000|  0%| F|  |TAMS 0x0000000784c00000, 0x0000000784c00000| Untracked 
|  77|0x0000000784d00000, 0x0000000784d00000, 0x0000000784e00000|  0%| F|  |TAMS 0x0000000784d00000, 0x0000000784d00000| Untracked 
|  78|0x0000000784e00000, 0x0000000784e00000, 0x0000000784f00000|  0%| F|  |TAMS 0x0000000784e00000, 0x0000000784e00000| Untracked 
|  79|0x0000000784f00000, 0x0000000784f00000, 0x0000000785000000|  0%| F|  |TAMS 0x0000000784f00000, 0x0000000784f00000| Untracked 
|  80|0x0000000785000000, 0x0000000785000000, 0x0000000785100000|  0%| F|  |TAMS 0x0000000785000000, 0x0000000785000000| Untracked 
|  81|0x0000000785100000, 0x0000000785100000, 0x0000000785200000|  0%| F|  |TAMS 0x0000000785100000, 0x0000000785100000| Untracked 
|  82|0x0000000785200000, 0x0000000785200000, 0x0000000785300000|  0%| F|  |TAMS 0x0000000785200000, 0x0000000785200000| Untracked 
|  83|0x0000000785300000, 0x0000000785300000, 0x0000000785400000|  0%| F|  |TAMS 0x0000000785300000, 0x0000000785300000| Untracked 
|  84|0x0000000785400000, 0x0000000785400000, 0x0000000785500000|  0%| F|  |TAMS 0x0000000785400000, 0x0000000785400000| Untracked 
|  85|0x0000000785500000, 0x0000000785500000, 0x0000000785600000|  0%| F|  |TAMS 0x0000000785500000, 0x0000000785500000| Untracked 
|  86|0x0000000785600000, 0x0000000785600000, 0x0000000785700000|  0%| F|  |TAMS 0x0000000785600000, 0x0000000785600000| Untracked 
|  87|0x0000000785700000, 0x0000000785700000, 0x0000000785800000|  0%| F|  |TAMS 0x0000000785700000, 0x0000000785700000| Untracked 
|  88|0x0000000785800000, 0x0000000785800000, 0x0000000785900000|  0%| F|  |TAMS 0x0000000785800000, 0x0000000785800000| Untracked 
|  89|0x0000000785900000, 0x0000000785900000, 0x0000000785a00000|  0%| F|  |TAMS 0x0000000785900000, 0x0000000785900000| Untracked 
|  90|0x0000000785a00000, 0x0000000785a00000, 0x0000000785b00000|  0%| F|  |TAMS 0x0000000785a00000, 0x0000000785a00000| Untracked 
|  91|0x0000000785b00000, 0x0000000785b00000, 0x0000000785c00000|  0%| F|  |TAMS 0x0000000785b00000, 0x0000000785b00000| Untracked 
|  92|0x0000000785c00000, 0x0000000785c00000, 0x0000000785d00000|  0%| F|  |TAMS 0x0000000785c00000, 0x0000000785c00000| Untracked 
|  93|0x0000000785d00000, 0x0000000785d00000, 0x0000000785e00000|  0%| F|  |TAMS 0x0000000785d00000, 0x0000000785d00000| Untracked 
|  94|0x0000000785e00000, 0x0000000785e00000, 0x0000000785f00000|  0%| F|  |TAMS 0x0000000785e00000, 0x0000000785e00000| Untracked 
|  95|0x0000000785f00000, 0x0000000785f00000, 0x0000000786000000|  0%| F|  |TAMS 0x0000000785f00000, 0x0000000785f00000| Untracked 
|  96|0x0000000786000000, 0x0000000786000000, 0x0000000786100000|  0%| F|  |TAMS 0x0000000786000000, 0x0000000786000000| Untracked 
|  97|0x0000000786100000, 0x0000000786100000, 0x0000000786200000|  0%| F|  |TAMS 0x0000000786100000, 0x0000000786100000| Untracked 
|  98|0x0000000786200000, 0x0000000786200000, 0x0000000786300000|  0%| F|  |TAMS 0x0000000786200000, 0x0000000786200000| Untracked 
|  99|0x0000000786300000, 0x0000000786300000, 0x0000000786400000|  0%| F|  |TAMS 0x0000000786300000, 0x0000000786300000| Untracked 
| 100|0x0000000786400000, 0x0000000786400000, 0x0000000786500000|  0%| F|  |TAMS 0x0000000786400000, 0x0000000786400000| Untracked 
| 101|0x0000000786500000, 0x0000000786500000, 0x0000000786600000|  0%| F|  |TAMS 0x0000000786500000, 0x0000000786500000| Untracked 
| 102|0x0000000786600000, 0x0000000786600000, 0x0000000786700000|  0%| F|  |TAMS 0x0000000786600000, 0x0000000786600000| Untracked 
| 103|0x0000000786700000, 0x0000000786700000, 0x0000000786800000|  0%| F|  |TAMS 0x0000000786700000, 0x0000000786700000| Untracked 
| 104|0x0000000786800000, 0x0000000786800000, 0x0000000786900000|  0%| F|  |TAMS 0x0000000786800000, 0x0000000786800000| Untracked 
| 105|0x0000000786900000, 0x0000000786900000, 0x0000000786a00000|  0%| F|  |TAMS 0x0000000786900000, 0x0000000786900000| Untracked 
| 106|0x0000000786a00000, 0x0000000786a00000, 0x0000000786b00000|  0%| F|  |TAMS 0x0000000786a00000, 0x0000000786a00000| Untracked 
| 107|0x0000000786b00000, 0x0000000786b00000, 0x0000000786c00000|  0%| F|  |TAMS 0x0000000786b00000, 0x0000000786b00000| Untracked 
| 108|0x0000000786c00000, 0x0000000786c00000, 0x0000000786d00000|  0%| F|  |TAMS 0x0000000786c00000, 0x0000000786c00000| Untracked 
| 109|0x0000000786d00000, 0x0000000786d00000, 0x0000000786e00000|  0%| F|  |TAMS 0x0000000786d00000, 0x0000000786d00000| Untracked 
| 110|0x0000000786e00000, 0x0000000786e00000, 0x0000000786f00000|  0%| F|  |TAMS 0x0000000786e00000, 0x0000000786e00000| Untracked 
| 111|0x0000000786f00000, 0x0000000786f00000, 0x0000000787000000|  0%| F|  |TAMS 0x0000000786f00000, 0x0000000786f00000| Untracked 
| 112|0x0000000787000000, 0x0000000787000000, 0x0000000787100000|  0%| F|  |TAMS 0x0000000787000000, 0x0000000787000000| Untracked 
| 113|0x0000000787100000, 0x0000000787100000, 0x0000000787200000|  0%| F|  |TAMS 0x0000000787100000, 0x0000000787100000| Untracked 
| 114|0x0000000787200000, 0x0000000787200000, 0x0000000787300000|  0%| F|  |TAMS 0x0000000787200000, 0x0000000787200000| Untracked 
| 115|0x0000000787300000, 0x0000000787300000, 0x0000000787400000|  0%| F|  |TAMS 0x0000000787300000, 0x0000000787300000| Untracked 
| 116|0x0000000787400000, 0x0000000787400000, 0x0000000787500000|  0%| F|  |TAMS 0x0000000787400000, 0x0000000787400000| Untracked 
| 117|0x0000000787500000, 0x0000000787500000, 0x0000000787600000|  0%| F|  |TAMS 0x0000000787500000, 0x0000000787500000| Untracked 
| 118|0x0000000787600000, 0x0000000787600000, 0x0000000787700000|  0%| F|  |TAMS 0x0000000787600000, 0x0000000787600000| Untracked 
| 119|0x0000000787700000, 0x0000000787700000, 0x0000000787800000|  0%| F|  |TAMS 0x0000000787700000, 0x0000000787700000| Untracked 
| 120|0x0000000787800000, 0x0000000787800000, 0x0000000787900000|  0%| F|  |TAMS 0x0000000787800000, 0x0000000787800000| Untracked 
| 121|0x0000000787900000, 0x0000000787900000, 0x0000000787a00000|  0%| F|  |TAMS 0x0000000787900000, 0x0000000787900000| Untracked 
| 122|0x0000000787a00000, 0x0000000787a00000, 0x0000000787b00000|  0%| F|  |TAMS 0x0000000787a00000, 0x0000000787a00000| Untracked 
| 123|0x0000000787b00000, 0x0000000787b320f0, 0x0000000787c00000| 19%| E|  |TAMS 0x0000000787b00000, 0x0000000787b00000| Complete 
| 124|0x0000000787c00000, 0x0000000787ceeb50, 0x0000000787d00000| 93%| E|  |TAMS 0x0000000787c00000, 0x0000000787c00000| Complete 
| 125|0x0000000787d00000, 0x0000000787e00000, 0x0000000787e00000|100%| E|CS|TAMS 0x0000000787d00000, 0x0000000787d00000| Complete 
| 126|0x0000000787e00000, 0x0000000787f00000, 0x0000000787f00000|100%| E|CS|TAMS 0x0000000787e00000, 0x0000000787e00000| Complete 
| 127|0x0000000787f00000, 0x0000000788000000, 0x0000000788000000|100%| E|CS|TAMS 0x0000000787f00000, 0x0000000787f00000| Complete 
|1022|0x00000007bfe00000, 0x00000007bfe51000, 0x00000007bff00000| 31%|OA|  |TAMS 0x00000007bfe00000, 0x00000007bfe00000| Untracked 
|1023|0x00000007bff00000, 0x00000007bff7b000, 0x00000007c0000000| 48%|CA|  |TAMS 0x00000007bff00000, 0x00000007bff00000| Untracked 

Card table byte_map: [0x0000000119555000,0x0000000119955000] _byte_map_base: 0x0000000115955000

Marking Bits (Prev, Next): (CMBitMap*) 0x00007fa1e180b418, (CMBitMap*) 0x00007fa1e180b458
 Prev Bits: [0x0000000119d55000, 0x000000011bd55000)
 Next Bits: [0x000000011bd55000, 0x000000011dd55000)

Polling page: 0x000000010f1bb000

Metaspace:

Usage:
  Non-class:      4.68 MB capacity,     2.43 MB ( 52%) used,     2.25 MB ( 48%) free+waste,     6.38 KB ( <1%) overhead. 
      Class:    510.00 KB capacity,   258.79 KB ( 51%) used,   247.40 KB ( 49%) free+waste,     3.81 KB ( <1%) overhead. 
       Both:      5.18 MB capacity,     2.68 MB ( 52%) used,     2.49 MB ( 48%) free+waste,    10.19 KB ( <1%) overhead. 

Virtual space:
  Non-class space:        8.00 MB reserved,       5.00 MB ( 62%) committed 
      Class space:        1.00 GB reserved,     640.00 KB ( <1%) committed 
             Both:        1.01 GB reserved,       5.62 MB ( <1%) committed 

Chunk freelists:
   Non-Class:  95.00 KB
       Class:  14.00 KB
        Both:  109.00 KB

MaxMetaspaceSize: unlimited
CompressedClassSpaceSize: 1.00 GB

CodeHeap 'non-profiled nmethods': size=120032Kb used=150Kb max_used=150Kb free=119882Kb
 bounds [0x0000000126c68000, 0x0000000126ed8000, 0x000000012e1a0000]
CodeHeap 'profiled nmethods': size=120028Kb used=523Kb max_used=523Kb free=119504Kb
 bounds [0x000000011f731000, 0x000000011f9a1000, 0x0000000126c68000]
CodeHeap 'non-nmethods': size=5700Kb used=1143Kb max_used=1144Kb free=4556Kb
 bounds [0x000000011f1a0000, 0x000000011f410000, 0x000000011f731000]
 total_blobs=926 nmethods=436 adapters=310
 compilation: enabled
              stopped_count=0, restarted_count=0
 full_count=0

Compilation events (20 events):
Event: 0.695 Thread 0x00007fa1e304d000  428       3       java.lang.reflect.Field::setFieldAccessor (34 bytes)
Event: 0.695 Thread 0x00007fa1e304d000 nmethod 428 0x000000011f7b0610 code [0x000000011f7b07e0, 0x000000011f7b0c40]
Event: 0.695 Thread 0x00007fa1e304d000  427       1       java.lang.reflect.Field::getRoot (5 bytes)
Event: 0.695 Thread 0x00007fa1e304d000 nmethod 427 0x0000000126c8cf10 code [0x0000000126c8d0a0, 0x0000000126c8d170]
Event: 0.695 Thread 0x00007fa1e304d000  429       1       java.net.URL::getUserInfo (5 bytes)
Event: 0.695 Thread 0x00007fa1e304d000 nmethod 429 0x0000000126c8d210 code [0x0000000126c8d3a0, 0x0000000126c8d470]
Event: 0.696 Thread 0x00007fa1e304d000  430       3       java.lang.Class::getPackageName (82 bytes)
Event: 0.697 Thread 0x00007fa1e304d000 nmethod 430 0x000000011f7b0d10 code [0x000000011f7b0f80, 0x000000011f7b18a0]
Event: 0.697 Thread 0x00007fa1e304d000  431       3       java.lang.Integer::valueOf (32 bytes)
Event: 0.697 Thread 0x00007fa1e304d000 nmethod 431 0x000000011f7b1c10 code [0x000000011f7b1dc0, 0x000000011f7b20d0]
Event: 0.697 Thread 0x00007fa1e304d000  432       3       java.nio.Buffer::remaining (10 bytes)
Event: 0.697 Thread 0x00007fa1e304d000 nmethod 432 0x000000011f7b2210 code [0x000000011f7b23a0, 0x000000011f7b24b0]
Event: 0.698 Thread 0x00007fa1e304d000  433       3       java.lang.String::indexOf (64 bytes)
Event: 0.699 Thread 0x00007fa1e304d000 nmethod 433 0x000000011f7b2510 code [0x000000011f7b2740, 0x000000011f7b3080]
Event: 0.699 Thread 0x00007fa1e304d000  434       3       java.lang.StringLatin1::indexOf (25 bytes)
Event: 0.699 Thread 0x00007fa1e304d000 nmethod 434 0x000000011f7b3410 code [0x000000011f7b35c0, 0x000000011f7b3780]
Event: 0.699 Thread 0x00007fa1e304d000  435       1       java.security.CodeSource::getLocation (5 bytes)
Event: 0.699 Thread 0x00007fa1e304d000 nmethod 435 0x0000000126c8d510 code [0x0000000126c8d6a0, 0x0000000126c8d770]
Event: 0.700 Thread 0x00007fa1e304d000  436       3       java.util.zip.Inflater::ensureOpen (47 bytes)
Event: 0.700 Thread 0x00007fa1e304d000 nmethod 436 0x000000011f7b3890 code [0x000000011f7b3a40, 0x000000011f7b3cc0]

GC Heap History (0 events):
No events

Deoptimization events (0 events):
No events

Classes unloaded (0 events):
No events

Classes redefined (0 events):
No events

Internal exceptions (4 events):
Event: 0.215 Thread 0x00007fa1e3009000 Exception <a 'java/lang/ClassNotFoundException'{0x0000000787d07e20}: sun/awt/resources/spi/awtProvider> (0x0000000787d07e20) 
thrown [./open/src/hotspot/share/classfile/systemDictionary.cpp, line 226]
Event: 0.257 Thread 0x00007fa1e3009000 Exception <a 'java/io/FileNotFoundException'{0x0000000787d54490}> (0x0000000787d54490) 
thrown [./open/src/hotspot/share/prims/jni.cpp, line 599]
Event: 0.263 Thread 0x00007fa1e3009000 Exception <a 'java/io/FileNotFoundException'{0x0000000787d7a6d8}> (0x0000000787d7a6d8) 
thrown [./open/src/hotspot/share/prims/jni.cpp, line 599]
Event: 0.268 Thread 0x00007fa1e3009000 Exception <a 'java/lang/ClassNotFoundException'{0x0000000787d7e1b0}: sun/awt/resources/spi/awtosxProvider> (0x0000000787d7e1b0) 
thrown [./open/src/hotspot/share/classfile/systemDictionary.cpp, line 226]

Events (20 events):
Event: 0.689 loading class java/awt/Point
Event: 0.689 loading class java/awt/geom/Point2D
Event: 0.689 loading class java/awt/geom/Point2D done
Event: 0.689 loading class java/awt/Point done
Event: 0.690 loading class java/awt/GraphicsConfiguration
Event: 0.690 loading class java/awt/GraphicsConfiguration done
Event: 0.690 loading class java/awt/Image
Event: 0.690 loading class java/awt/Image done
Event: 0.690 loading class java/awt/image/BufferedImage
Event: 0.690 loading class java/awt/image/WritableRenderedImage
Event: 0.690 loading class java/awt/image/RenderedImage
Event: 0.690 loading class java/awt/image/RenderedImage done
Event: 0.690 loading class java/awt/image/WritableRenderedImage done
Event: 0.690 loading class java/awt/Transparency
Event: 0.690 loading class java/awt/Transparency done
Event: 0.690 loading class java/awt/image/BufferedImage done
Event: 0.692 loading class jdk/internal/reflect/UnsafeQualifiedStaticIntegerFieldAccessorImpl
Event: 0.692 loading class jdk/internal/reflect/UnsafeQualifiedStaticIntegerFieldAccessorImpl done
Event: 0.701 loading class java/lang/NumberFormatException
Event: 0.701 loading class java/lang/NumberFormatException done


Dynamic libraries:
0x00007fff66acc000 	/usr/lib/libz.1.dylib
0x000000010f18c000 	/Library/Java/JavaVirtualMachines/jdk-14.0.1.jdk/Contents/Home/lib/libjli.dylib
0x00007fff2c5e6000 	/System/Library/Frameworks/Cocoa.framework/Versions/A/Cocoa
0x00007fff39def000 	/System/Library/Frameworks/Security.framework/Versions/A/Security
0x00007fff2b54b000 	/System/Library/Frameworks/ApplicationServices.framework/Versions/A/ApplicationServices
0x00007fff64590000 	/usr/lib/libSystem.B.dylib
0x00007fff6738d000 	/usr/lib/system/libcache.dylib
0x00007fff67393000 	/usr/lib/system/libcommonCrypto.dylib
0x00007fff6739f000 	/usr/lib/system/libcompiler_rt.dylib
0x00007fff673a7000 	/usr/lib/system/libcopyfile.dylib
0x00007fff673b1000 	/usr/lib/system/libcorecrypto.dylib
0x00007fff67550000 	/usr/lib/system/libdispatch.dylib
0x00007fff67591000 	/usr/lib/system/libdyld.dylib
0x00007fff675c8000 	/usr/lib/system/libkeymgr.dylib
0x00007fff675d6000 	/usr/lib/system/liblaunch.dylib
0x00007fff675d7000 	/usr/lib/system/libmacho.dylib
0x00007fff675dd000 	/usr/lib/system/libquarantine.dylib
0x00007fff675e0000 	/usr/lib/system/libremovefile.dylib
0x00007fff675e2000 	/usr/lib/system/libsystem_asl.dylib
0x00007fff675fa000 	/usr/lib/system/libsystem_blocks.dylib
0x00007fff675fb000 	/usr/lib/system/libsystem_c.dylib
0x00007fff67683000 	/usr/lib/system/libsystem_configuration.dylib
0x00007fff67687000 	/usr/lib/system/libsystem_coreservices.dylib
0x00007fff6768b000 	/usr/lib/system/libsystem_darwin.dylib
0x00007fff67694000 	/usr/lib/system/libsystem_dnssd.dylib
0x00007fff6769c000 	/usr/lib/system/libsystem_featureflags.dylib
0x00007fff6769e000 	/usr/lib/system/libsystem_info.dylib
0x00007fff67719000 	/usr/lib/system/libsystem_m.dylib
0x00007fff67761000 	/usr/lib/system/libsystem_malloc.dylib
0x00007fff67789000 	/usr/lib/system/libsystem_networkextension.dylib
0x00007fff67797000 	/usr/lib/system/libsystem_notify.dylib
0x00007fff677b5000 	/usr/lib/system/libsystem_sandbox.dylib
0x00007fff677ba000 	/usr/lib/system/libsystem_secinit.dylib
0x00007fff676ec000 	/usr/lib/system/libsystem_kernel.dylib
0x00007fff677a1000 	/usr/lib/system/libsystem_platform.dylib
0x00007fff677aa000 	/usr/lib/system/libsystem_pthread.dylib
0x00007fff677bd000 	/usr/lib/system/libsystem_symptoms.dylib
0x00007fff677c5000 	/usr/lib/system/libsystem_trace.dylib
0x00007fff677dd000 	/usr/lib/system/libunwind.dylib
0x00007fff677e3000 	/usr/lib/system/libxpc.dylib
0x00007fff663f0000 	/usr/lib/libobjc.A.dylib
0x00007fff648c9000 	/usr/lib/libc++abi.dylib
0x00007fff64876000 	/usr/lib/libc++.1.dylib
0x00007fff2d488000 	/System/Library/Frameworks/CoreFoundation.framework/Versions/A/CoreFoundation
0x00007fff2fb45000 	/System/Library/Frameworks/Foundation.framework/Versions/C/Foundation
0x00007fff2a73b000 	/System/Library/Frameworks/AppKit.framework/Versions/C/AppKit
0x00007fff2cf6a000 	/System/Library/Frameworks/CoreData.framework/Versions/A/CoreData
0x00007fff5e58b000 	/System/Library/PrivateFrameworks/UIFoundation.framework/Versions/A/UIFoundation
0x00007fff5961f000 	/System/Library/PrivateFrameworks/RemoteViewServices.framework/Versions/A/RemoteViewServices
0x00007fff61100000 	/System/Library/PrivateFrameworks/XCTTargetBootstrap.framework/Versions/A/XCTTargetBootstrap
0x00007fff2d355000 	/System/Library/Frameworks/CoreDisplay.framework/Versions/A/CoreDisplay
0x00007fff329ff000 	/System/Library/Frameworks/Metal.framework/Versions/A/Metal
0x00007fff47607000 	/System/Library/PrivateFrameworks/DesktopServicesPriv.framework/Versions/A/DesktopServicesPriv
0x00007fff656cb000 	/usr/lib/liblangid.dylib
0x00007fff4689c000 	/System/Library/PrivateFrameworks/CoreSVG.framework/Versions/A/CoreSVG
0x00007fff5c77b000 	/System/Library/PrivateFrameworks/SkyLight.framework/Versions/A/SkyLight
0x00007fff2d909000 	/System/Library/Frameworks/CoreGraphics.framework/Versions/A/CoreGraphics
0x00007fff2910f000 	/System/Library/Frameworks/Accelerate.framework/Versions/A/Accelerate
0x00007fff669bd000 	/usr/lib/libxml2.2.dylib
0x00007fff525a9000 	/System/Library/PrivateFrameworks/IconServices.framework/Versions/A/IconServices
0x00007fff30324000 	/System/Library/Frameworks/IOSurface.framework/Versions/A/IOSurface
0x00007fff640ba000 	/usr/lib/libDiagnosticMessagesClient.dylib
0x00007fff47461000 	/System/Library/PrivateFrameworks/DFRFoundation.framework/Versions/A/DFRFoundation
0x00007fff6545a000 	/usr/lib/libicucore.A.dylib
0x00007fff2b87d000 	/System/Library/Frameworks/AudioToolbox.framework/Versions/A/AudioToolbox
0x00007fff2b960000 	/System/Library/Frameworks/AudioUnit.framework/Versions/A/AudioUnit
0x00007fff64792000 	/usr/lib/libauto.dylib
0x00007fff47503000 	/System/Library/PrivateFrameworks/DataDetectorsCore.framework/Versions/A/DataDetectorsCore
0x00007fff2c107000 	/System/Library/Frameworks/Carbon.framework/Versions/A/Frameworks/HIToolbox.framework/Versions/A/HIToolbox
0x00007fff38fe9000 	/System/Library/Frameworks/QuartzCore.framework/Versions/A/QuartzCore
0x00007fff2c446000 	/System/Library/Frameworks/Carbon.framework/Versions/A/Frameworks/SpeechRecognition.framework/Versions/A/SpeechRecognition
0x00007fff46f75000 	/System/Library/PrivateFrameworks/CoreUI.framework/Versions/A/CoreUI
0x00007fff2c9d5000 	/System/Library/Frameworks/CoreAudio.framework/Versions/A/CoreAudio
0x00007fff2f804000 	/System/Library/Frameworks/DiskArbitration.framework/Versions/A/DiskArbitration
0x00007fff545f9000 	/System/Library/PrivateFrameworks/MultitouchSupport.framework/Versions/A/MultitouchSupport
0x00007fff65321000 	/usr/lib/libenergytrace.dylib
0x00007fff3027e000 	/System/Library/Frameworks/IOKit.framework/Versions/A/IOKit
0x00007fff2e870000 	/System/Library/Frameworks/CoreServices.framework/Versions/A/CoreServices
0x00007fff567b2000 	/System/Library/PrivateFrameworks/PerformanceAnalysis.framework/Versions/A/PerformanceAnalysis
0x00007fff3801c000 	/System/Library/Frameworks/OpenGL.framework/Versions/A/OpenGL
0x00007fff2c5f4000 	/System/Library/Frameworks/ColorSync.framework/Versions/A/ColorSync
0x00007fff2df8c000 	/System/Library/Frameworks/CoreImage.framework/Versions/A/CoreImage
0x00007fff2f2e3000 	/System/Library/Frameworks/CoreText.framework/Versions/A/CoreText
0x00007fff303b4000 	/System/Library/Frameworks/ImageIO.framework/Versions/A/ImageIO
0x00007fff648f2000 	/usr/lib/libcompression.dylib
0x00007fff643fe000 	/usr/lib/libMobileGestalt.dylib
0x00007fff5e2f5000 	/System/Library/PrivateFrameworks/TextureIO.framework/Versions/A/TextureIO
0x00007fff646f5000 	/usr/lib/libate.dylib
0x00007fff527b2000 	/System/Library/PrivateFrameworks/InternationalSupport.framework/Versions/A/InternationalSupport
0x00007fff656cd000 	/usr/lib/liblzma.5.dylib
0x00007fff65348000 	/usr/lib/libfakelink.dylib
0x00007fff64682000 	/usr/lib/libarchive.2.dylib
0x00007fff3aea0000 	/System/Library/Frameworks/SystemConfiguration.framework/Versions/A/SystemConfiguration
0x00007fff63fed000 	/usr/lib/libCRFSuite.dylib
0x00007fff2bcf7000 	/System/Library/Frameworks/CFNetwork.framework/Versions/A/CFNetwork
0x00007fff64858000 	/usr/lib/libbsm.0.dylib
0x00007fff675c9000 	/usr/lib/system/libkxld.dylib
0x00007fff40ddd000 	/System/Library/PrivateFrameworks/AppleFSCompression.framework/Versions/A/AppleFSCompression
0x00007fff64be3000 	/usr/lib/libcoretls.dylib
0x00007fff64bfa000 	/usr/lib/libcoretls_cfhelpers.dylib
0x00007fff66436000 	/usr/lib/libpam.2.dylib
0x00007fff6656b000 	/usr/lib/libsqlite3.dylib
0x00007fff669aa000 	/usr/lib/libxar.1.dylib
0x00007fff64869000 	/usr/lib/libbz2.1.0.dylib
0x00007fff65369000 	/usr/lib/libiconv.2.dylib
0x00007fff648df000 	/usr/lib/libcharset.1.dylib
0x00007fff65ed3000 	/usr/lib/libnetwork.dylib
0x00007fff6643d000 	/usr/lib/libpcap.A.dylib
0x00007fff64637000 	/usr/lib/libapple_nghttp2.dylib
0x00007fff2ec27000 	/System/Library/Frameworks/CoreServices.framework/Versions/A/Frameworks/FSEvents.framework/Versions/A/FSEvents
0x00007fff2e8f7000 	/System/Library/Frameworks/CoreServices.framework/Versions/A/Frameworks/CarbonCore.framework/Versions/A/CarbonCore
0x00007fff2ee6b000 	/System/Library/Frameworks/CoreServices.framework/Versions/A/Frameworks/Metadata.framework/Versions/A/Metadata
0x00007fff2ef04000 	/System/Library/Frameworks/CoreServices.framework/Versions/A/Frameworks/OSServices.framework/Versions/A/OSServices
0x00007fff2ef32000 	/System/Library/Frameworks/CoreServices.framework/Versions/A/Frameworks/SearchKit.framework/Versions/A/SearchKit
0x00007fff2e871000 	/System/Library/Frameworks/CoreServices.framework/Versions/A/Frameworks/AE.framework/Versions/A/AE
0x00007fff2ec30000 	/System/Library/Frameworks/CoreServices.framework/Versions/A/Frameworks/LaunchServices.framework/Versions/A/LaunchServices
0x00007fff2ebd9000 	/System/Library/Frameworks/CoreServices.framework/Versions/A/Frameworks/DictionaryServices.framework/Versions/A/DictionaryServices
0x00007fff2ef9a000 	/System/Library/Frameworks/CoreServices.framework/Versions/A/Frameworks/SharedFileList.framework/Versions/A/SharedFileList
0x00007fff33e3b000 	/System/Library/Frameworks/NetFS.framework/Versions/A/NetFS
0x00007fff54b29000 	/System/Library/PrivateFrameworks/NetAuth.framework/Versions/A/NetAuth
0x00007fff614cd000 	/System/Library/PrivateFrameworks/login.framework/Versions/A/Frameworks/loginsupport.framework/Versions/A/loginsupport
0x00007fff5ddc0000 	/System/Library/PrivateFrameworks/TCC.framework/Versions/A/TCC
0x00007fff45a0f000 	/System/Library/PrivateFrameworks/CoreNLP.framework/Versions/A/CoreNLP
0x00007fff54026000 	/System/Library/PrivateFrameworks/MetadataUtilities.framework/Versions/A/MetadataUtilities
0x00007fff657a5000 	/usr/lib/libmecabra.dylib
0x00007fff656fd000 	/usr/lib/libmecab.dylib
0x00007fff65359000 	/usr/lib/libgermantok.dylib
0x00007fff6461e000 	/usr/lib/libThaiTokenizer.dylib
0x00007fff64024000 	/usr/lib/libChineseTokenizer.dylib
0x00007fff29127000 	/System/Library/Frameworks/Accelerate.framework/Versions/A/Frameworks/vImage.framework/Versions/A/vImage
0x00007fff2a591000 	/System/Library/Frameworks/Accelerate.framework/Versions/A/Frameworks/vecLib.framework/Versions/A/vecLib
0x00007fff2a4ce000 	/System/Library/Frameworks/Accelerate.framework/Versions/A/Frameworks/vecLib.framework/Versions/A/libvMisc.dylib
0x00007fff2a2f6000 	/System/Library/Frameworks/Accelerate.framework/Versions/A/Frameworks/vecLib.framework/Versions/A/libvDSP.dylib
0x00007fff2977e000 	/System/Library/Frameworks/Accelerate.framework/Versions/A/Frameworks/vecLib.framework/Versions/A/libBLAS.dylib
0x00007fff29eba000 	/System/Library/Frameworks/Accelerate.framework/Versions/A/Frameworks/vecLib.framework/Versions/A/libLAPACK.dylib
0x00007fff2a256000 	/System/Library/Frameworks/Accelerate.framework/Versions/A/Frameworks/vecLib.framework/Versions/A/libLinearAlgebra.dylib
0x00007fff2a2e3000 	/System/Library/Frameworks/Accelerate.framework/Versions/A/Frameworks/vecLib.framework/Versions/A/libSparseBLAS.dylib
0x00007fff2a26c000 	/System/Library/Frameworks/Accelerate.framework/Versions/A/Frameworks/vecLib.framework/Versions/A/libQuadrature.dylib
0x00007fff299e6000 	/System/Library/Frameworks/Accelerate.framework/Versions/A/Frameworks/vecLib.framework/Versions/A/libBNNS.dylib
0x00007fff2a272000 	/System/Library/Frameworks/Accelerate.framework/Versions/A/Frameworks/vecLib.framework/Versions/A/libSparse.dylib
0x00007fff52b9a000 	/System/Library/PrivateFrameworks/LanguageModeling.framework/Versions/A/LanguageModeling
0x00007fff453bf000 	/System/Library/PrivateFrameworks/CoreEmoji.framework/Versions/A/CoreEmoji
0x00007fff52cb8000 	/System/Library/PrivateFrameworks/LinguisticData.framework/Versions/A/LinguisticData
0x00007fff52c69000 	/System/Library/PrivateFrameworks/Lexicon.framework/Versions/A/Lexicon
0x00007fff648e0000 	/usr/lib/libcmph.dylib
0x00007fff36a2a000 	/System/Library/Frameworks/OpenDirectory.framework/Versions/A/Frameworks/CFOpenDirectory.framework/Versions/A/CFOpenDirectory
0x00007fff36a47000 	/System/Library/Frameworks/OpenDirectory.framework/Versions/A/OpenDirectory
0x00007fff3ee8a000 	/System/Library/PrivateFrameworks/APFS.framework/Versions/A/APFS
0x00007fff3a139000 	/System/Library/Frameworks/SecurityFoundation.framework/Versions/A/SecurityFoundation
0x00007fff669a6000 	/usr/lib/libutil.dylib
0x00007fff468f4000 	/System/Library/PrivateFrameworks/CoreServicesStore.framework/Versions/A/CoreServicesStore
0x00007fff3a1f0000 	/System/Library/Frameworks/ServiceManagement.framework/Versions/A/ServiceManagement
0x00007fff425ad000 	/System/Library/PrivateFrameworks/BackgroundTaskManagement.framework/Versions/A/BackgroundTaskManagement
0x00007fff66aa3000 	/usr/lib/libxslt.1.dylib
0x00007fff41450000 	/System/Library/PrivateFrameworks/AppleSystemInfo.framework/Versions/A/AppleSystemInfo
0x00007fff305d0000 	/System/Library/Frameworks/ImageIO.framework/Versions/A/Resources/libJPEG.dylib
0x00007fff3088d000 	/System/Library/Frameworks/ImageIO.framework/Versions/A/Resources/libTIFF.dylib
0x00007fff30870000 	/System/Library/Frameworks/ImageIO.framework/Versions/A/Resources/libPng.dylib
0x00007fff30512000 	/System/Library/Frameworks/ImageIO.framework/Versions/A/Resources/libGIF.dylib
0x00007fff30516000 	/System/Library/Frameworks/ImageIO.framework/Versions/A/Resources/libJP2.dylib
0x00007fff3088b000 	/System/Library/Frameworks/ImageIO.framework/Versions/A/Resources/libRadiance.dylib
0x00007fff65322000 	/usr/lib/libexpat.1.dylib
0x00007fff40f38000 	/System/Library/PrivateFrameworks/AppleJPEG.framework/Versions/A/AppleJPEG
0x00007fff49c0a000 	/System/Library/PrivateFrameworks/FontServices.framework/libFontParser.dylib
0x00007fff604cf000 	/System/Library/PrivateFrameworks/WatchdogClient.framework/Versions/A/WatchdogClient
0x00007fff521f5000 	/System/Library/PrivateFrameworks/IOAccelerator.framework/Versions/A/IOAccelerator
0x00007fff32d9a000 	/System/Library/Frameworks/MetalPerformanceShaders.framework/Versions/A/MetalPerformanceShaders
0x00007fff4e985000 	/System/Library/PrivateFrameworks/GPUWrangler.framework/Versions/A/GPUWrangler
0x00007fff5220a000 	/System/Library/PrivateFrameworks/IOPresentment.framework/Versions/A/IOPresentment
0x00007fff47474000 	/System/Library/PrivateFrameworks/DSExternalDisplay.framework/Versions/A/DSExternalDisplay
0x00007fff373bb000 	/System/Library/Frameworks/OpenGL.framework/Versions/A/Libraries/libCoreFSCache.dylib
0x00007fff32ae6000 	/System/Library/Frameworks/MetalPerformanceShaders.framework/Frameworks/MPSCore.framework/Versions/A/MPSCore
0x00007fff32b24000 	/System/Library/Frameworks/MetalPerformanceShaders.framework/Frameworks/MPSImage.framework/Versions/A/MPSImage
0x00007fff32beb000 	/System/Library/Frameworks/MetalPerformanceShaders.framework/Frameworks/MPSNeuralNetwork.framework/Versions/A/MPSNeuralNetwork
0x00007fff32baf000 	/System/Library/Frameworks/MetalPerformanceShaders.framework/Frameworks/MPSMatrix.framework/Versions/A/MPSMatrix
0x00007fff32d4a000 	/System/Library/Frameworks/MetalPerformanceShaders.framework/Frameworks/MPSRayIntersector.framework/Versions/A/MPSRayIntersector
0x00007fff32bd5000 	/System/Library/Frameworks/MetalPerformanceShaders.framework/Frameworks/MPSNDArray.framework/Versions/A/MPSNDArray
0x00007fff54073000 	/System/Library/PrivateFrameworks/MetalTools.framework/Versions/A/MetalTools
0x00007fff40064000 	/System/Library/PrivateFrameworks/AggregateDictionary.framework/Versions/A/AggregateDictionary
0x00007fff44e07000 	/System/Library/PrivateFrameworks/CoreAnalytics.framework/Versions/A/CoreAnalytics
0x00007fff4136f000 	/System/Library/PrivateFrameworks/AppleSauce.framework/Versions/A/AppleSauce
0x00007fff642e0000 	/usr/lib/libIOReport.dylib
0x00007fff2f49b000 	/System/Library/Frameworks/CoreVideo.framework/Versions/A/CoreVideo
0x00007fff4fdfe000 	/System/Library/PrivateFrameworks/GraphVisualizer.framework/Versions/A/GraphVisualizer
0x00007fff49150000 	/System/Library/PrivateFrameworks/FaceCore.framework/Versions/A/FaceCore
0x00007fff369d1000 	/System/Library/Frameworks/OpenCL.framework/Versions/A/OpenCL
0x00007fff64102000 	/usr/lib/libFosl_dynamic.dylib
0x00007fff5554a000 	/System/Library/PrivateFrameworks/OTSVG.framework/Versions/A/OTSVG
0x00007fff2b650000 	/System/Library/Frameworks/ApplicationServices.framework/Versions/A/Frameworks/ATS.framework/Versions/A/Resources/libFontRegistry.dylib
0x00007fff49dd9000 	/System/Library/PrivateFrameworks/FontServices.framework/libhvf.dylib
0x00007fff373c6000 	/System/Library/Frameworks/OpenGL.framework/Versions/A/Libraries/libGFXShared.dylib
0x00007fff375a4000 	/System/Library/Frameworks/OpenGL.framework/Versions/A/Libraries/libGLU.dylib
0x00007fff373cf000 	/System/Library/Frameworks/OpenGL.framework/Versions/A/Libraries/libGL.dylib
0x00007fff373da000 	/System/Library/Frameworks/OpenGL.framework/Versions/A/Libraries/libGLImage.dylib
0x00007fff373b8000 	/System/Library/Frameworks/OpenGL.framework/Versions/A/Libraries/libCVMSPluginSupport.dylib
0x00007fff373c1000 	/System/Library/Frameworks/OpenGL.framework/Versions/A/Libraries/libCoreVMClient.dylib
0x00007fff65d74000 	/usr/lib/libncurses.5.4.dylib
0x00007fff2b54c000 	/System/Library/Frameworks/ApplicationServices.framework/Versions/A/Frameworks/ATS.framework/Versions/A/ATS
0x00007fff2b719000 	/System/Library/Frameworks/ApplicationServices.framework/Versions/A/Frameworks/ColorSyncLegacy.framework/Versions/A/ColorSyncLegacy
0x00007fff2b7b7000 	/System/Library/Frameworks/ApplicationServices.framework/Versions/A/Frameworks/HIServices.framework/Versions/A/HIServices
0x00007fff2b80f000 	/System/Library/Frameworks/ApplicationServices.framework/Versions/A/Frameworks/LangAnalysis.framework/Versions/A/LangAnalysis
0x00007fff2b81e000 	/System/Library/Frameworks/ApplicationServices.framework/Versions/A/Frameworks/PrintCore.framework/Versions/A/PrintCore
0x00007fff2b864000 	/System/Library/Frameworks/ApplicationServices.framework/Versions/A/Frameworks/QD.framework/Versions/A/QD
0x00007fff2b86f000 	/System/Library/Frameworks/ApplicationServices.framework/Versions/A/Frameworks/SpeechSynthesis.framework/Versions/A/SpeechSynthesis
0x00007fff2b6e9000 	/System/Library/Frameworks/ApplicationServices.framework/Versions/A/Frameworks/ATSUI.framework/Versions/A/ATSUI
0x00007fff651b8000 	/usr/lib/libcups.2.dylib
0x00007fff31e35000 	/System/Library/Frameworks/Kerberos.framework/Versions/A/Kerberos
0x00007fff2ff77000 	/System/Library/Frameworks/GSS.framework/Versions/A/GSS
0x00007fff664f7000 	/usr/lib/libresolv.9.dylib
0x00007fff4ffab000 	/System/Library/PrivateFrameworks/Heimdal.framework/Versions/A/Heimdal
0x00007fff31e48000 	/System/Library/Frameworks/Kerberos.framework/Versions/A/Libraries/libHeimdalProxy.dylib
0x00007fff6535f000 	/usr/lib/libheimdal-asn1.dylib
0x00007fff4429f000 	/System/Library/PrivateFrameworks/CommonAuth.framework/Versions/A/CommonAuth
0x00007fff414ed000 	/System/Library/PrivateFrameworks/AssertionServices.framework/Versions/A/AssertionServices
0x00007fff42090000 	/System/Library/PrivateFrameworks/AudioToolboxCore.framework/Versions/A/AudioToolboxCore
0x00007fff6117d000 	/System/Library/PrivateFrameworks/caulk.framework/Versions/A/caulk
0x00007fff42659000 	/System/Library/PrivateFrameworks/BaseBoard.framework/Versions/A/BaseBoard
0x00007fff597ad000 	/System/Library/PrivateFrameworks/RunningBoardServices.framework/Versions/A/RunningBoardServices
0x00007fff567be000 	/System/Library/PrivateFrameworks/PersistentConnection.framework/Versions/A/PersistentConnection
0x00007fff591a6000 	/System/Library/PrivateFrameworks/ProtocolBuffer.framework/Versions/A/ProtocolBuffer
0x00007fff442c3000 	/System/Library/PrivateFrameworks/CommonUtilities.framework/Versions/A/CommonUtilities
0x00007fff427e7000 	/System/Library/PrivateFrameworks/Bom.framework/Versions/A/Bom
0x00007fff63fb3000 	/usr/lib/libAudioToolboxUtility.dylib
0x00007fff425b7000 	/System/Library/PrivateFrameworks/Backup.framework/Versions/A/Backup
0x00007fff47395000 	/System/Library/PrivateFrameworks/CrashReporterSupport.framework/Versions/A/CrashReporterSupport
0x00007fff5b23f000 	/System/Library/PrivateFrameworks/Sharing.framework/Versions/A/Sharing
0x00007fff40afb000 	/System/Library/PrivateFrameworks/Apple80211.framework/Versions/A/Apple80211
0x00007fff422d4000 	/System/Library/PrivateFrameworks/AuthKit.framework/Versions/A/AuthKit
0x00007fff470a2000 	/System/Library/PrivateFrameworks/CoreUtils.framework/Versions/A/CoreUtils
0x00007fff2f4e0000 	/System/Library/Frameworks/CoreWLAN.framework/Versions/A/CoreWLAN
0x00007fff30104000 	/System/Library/Frameworks/IOBluetooth.framework/Versions/A/IOBluetooth
0x00007fff54378000 	/System/Library/PrivateFrameworks/MobileKeyBag.framework/Versions/A/MobileKeyBag
0x00007fff45ea7000 	/System/Library/PrivateFrameworks/CorePhoneNumbers.framework/Versions/A/CorePhoneNumbers
0x00007fff40eeb000 	/System/Library/PrivateFrameworks/AppleIDAuthSupport.framework/Versions/A/AppleIDAuthSupport
0x00007fff33e48000 	/System/Library/Frameworks/Network.framework/Versions/A/Network
0x00007fff52a46000 	/System/Library/PrivateFrameworks/KeychainCircle.framework/Versions/A/KeychainCircle
0x00007fff2cf31000 	/System/Library/Frameworks/CoreBluetooth.framework/Versions/A/CoreBluetooth
0x00007fff5d2be000 	/System/Library/PrivateFrameworks/SpeechRecognitionCore.framework/Versions/A/SpeechRecognitionCore
0x000000010fa00000 	/Library/Java/JavaVirtualMachines/jdk-14.0.1.jdk/Contents/Home/lib/server/libjvm.dylib
0x000000010f1b0000 	/Library/Java/JavaVirtualMachines/jdk-14.0.1.jdk/Contents/Home/lib/libjimage.dylib
0x000000010f1bd000 	/Library/Java/JavaVirtualMachines/jdk-14.0.1.jdk/Contents/Home/lib/libinstrument.dylib
0x000000010f1cd000 	/Library/Java/JavaVirtualMachines/jdk-14.0.1.jdk/Contents/Home/lib/libjava.dylib
0x00000001107ca000 	/Library/Java/JavaVirtualMachines/jdk-14.0.1.jdk/Contents/Home/lib/libzip.dylib
0x000000011e5a9000 	/Library/Java/JavaVirtualMachines/jdk-14.0.1.jdk/Contents/Home/lib/libnio.dylib
0x000000011e5bc000 	/Library/Java/JavaVirtualMachines/jdk-14.0.1.jdk/Contents/Home/lib/libnet.dylib
0x000000011e5d4000 	/Library/Java/JavaVirtualMachines/jdk-14.0.1.jdk/Contents/Home/lib/libverify.dylib
0x000000011e5e3000 	/Library/Java/JavaVirtualMachines/jdk-14.0.1.jdk/Contents/Home/lib/libextnet.dylib
0x000000011e5ea000 	/Library/Java/JavaVirtualMachines/jdk-14.0.1.jdk/Contents/Home/lib/libawt.dylib
0x000000011e686000 	/Library/Java/JavaVirtualMachines/jdk-14.0.1.jdk/Contents/Home/lib/libmlib_image.dylib
0x00007fff31e1f000 	/System/Library/Frameworks/JavaVM.framework/Versions/A/Frameworks/JavaNativeFoundation.framework/Versions/A/JavaNativeFoundation
0x00007fff31e28000 	/System/Library/Frameworks/JavaVM.framework/Versions/A/Frameworks/JavaRuntimeSupport.framework/Versions/A/JavaRuntimeSupport
0x00007fff31e30000 	/System/Library/Frameworks/JavaVM.framework/Versions/A/JavaVM
0x00007fff5285d000 	/System/Library/PrivateFrameworks/JavaLaunching.framework/Versions/A/JavaLaunching
0x00007fff2c102000 	/System/Library/Frameworks/Carbon.framework/Versions/A/Carbon
0x00007fff46e47000 	/System/Library/PrivateFrameworks/CoreSymbolication.framework/Versions/A/CoreSymbolication
0x00007fff2c103000 	/System/Library/Frameworks/Carbon.framework/Versions/A/Frameworks/CommonPanels.framework/Versions/A/CommonPanels
0x00007fff2c3fc000 	/System/Library/Frameworks/Carbon.framework/Versions/A/Frameworks/Help.framework/Versions/A/Help
0x00007fff2c400000 	/System/Library/Frameworks/Carbon.framework/Versions/A/Frameworks/ImageCapture.framework/Versions/A/ImageCapture
0x00007fff2c407000 	/System/Library/Frameworks/Carbon.framework/Versions/A/Frameworks/OpenScripting.framework/Versions/A/OpenScripting
0x00007fff2c406000 	/System/Library/Frameworks/Carbon.framework/Versions/A/Frameworks/Ink.framework/Versions/A/Ink
0x00007fff2c442000 	/System/Library/Frameworks/Carbon.framework/Versions/A/Frameworks/Print.framework/Versions/A/Print
0x00007fff2c443000 	/System/Library/Frameworks/Carbon.framework/Versions/A/Frameworks/SecurityHI.framework/Versions/A/SecurityHI
0x00007fff475c9000 	/System/Library/PrivateFrameworks/DebugSymbols.framework/Versions/A/DebugSymbols
0x000000011e6f2000 	/Library/Java/JavaVirtualMachines/jdk-14.0.1.jdk/Contents/Home/lib/libawt_lwawt.dylib
0x000000011e7a4000 	/Library/Java/JavaVirtualMachines/jdk-14.0.1.jdk/Contents/Home/lib/libosxapp.dylib
0x00007fff2f9e0000 	/System/Library/Frameworks/ExceptionHandling.framework/Versions/A/ExceptionHandling
0x000000011e7c4000 	/Library/Java/JavaVirtualMachines/jdk-14.0.1.jdk/Contents/Home/lib/libfontmanager.dylib
0x000000011e8ca000 	/Library/Java/JavaVirtualMachines/jdk-14.0.1.jdk/Contents/Home/lib/libfreetype.dylib
0x00007fff468c0000 	/System/Library/PrivateFrameworks/CoreServicesInternal.framework/Versions/A/CoreServicesInternal
0x00007fff2f9ff000 	/System/Library/Frameworks/FileProvider.framework/Versions/A/FileProvider
0x00007fff2a592000 	/System/Library/Frameworks/Accounts.framework/Versions/A/Accounts
0x00007fff4ecaa000 	/System/Library/PrivateFrameworks/GenerationalStorage.framework/Versions/A/GenerationalStorage
0x00007fff5db00000 	/System/Library/PrivateFrameworks/SymptomDiagnosticReporter.framework/Versions/A/SymptomDiagnosticReporter
0x00007fff405ff000 	/System/Library/PrivateFrameworks/AppContainer.framework/Versions/A/AppContainer
0x00007fff66511000 	/usr/lib/libsandbox.1.dylib
0x00007fff5f472000 	/System/Library/PrivateFrameworks/UserManagement.framework/Versions/A/UserManagement
0x00007fff433a3000 	/System/Library/PrivateFrameworks/ChunkingLibrary.framework/Versions/A/ChunkingLibrary
0x00007fff40671000 	/System/Library/PrivateFrameworks/AppSandbox.framework/Versions/A/AppSandbox
0x00007fff5b0c9000 	/System/Library/PrivateFrameworks/SecCodeWrapper.framework/Versions/A/SecCodeWrapper
0x00007fff643c8000 	/usr/lib/libMatch.1.dylib
0x00007fff2057a000 	/System/Library/CoreServices/RawCamera.bundle/Contents/MacOS/RawCamera
0x00007fff541a2000 	/System/Library/PrivateFrameworks/MobileAsset.framework/Versions/A/MobileAsset
0x00007fff5d9a8000 	/System/Library/PrivateFrameworks/StreamingZip.framework/Versions/A/StreamingZip
0x00007fff322b0000 	/System/Library/Frameworks/MediaToolbox.framework/Versions/A/MediaToolbox
0x00007fff44db7000 	/System/Library/PrivateFrameworks/CoreAVCHD.framework/Versions/A/CoreAVCHD
0x00007fff321da000 	/System/Library/Frameworks/MediaAccessibility.framework/Versions/A/MediaAccessibility
0x00007fff53556000 	/System/Library/PrivateFrameworks/Mangrove.framework/Versions/A/Mangrove
0x00007fff2e6a8000 	/System/Library/Frameworks/CoreMedia.framework/Versions/A/CoreMedia
0x00007fff537c2000 	/System/Library/PrivateFrameworks/MediaExperience.framework/Versions/A/MediaExperience
0x00007fff3b19a000 	/System/Library/Frameworks/VideoToolbox.framework/Versions/A/VideoToolbox
0x00007fff449e1000 	/System/Library/PrivateFrameworks/CoreAUC.framework/Versions/A/CoreAUC
0x00007fff66569000 	/usr/lib/libspindump.dylib
0x00007fff41a3f000 	/System/Library/PrivateFrameworks/AudioResourceArbitration.framework/Versions/A/AudioResourceArbitration
0x00007fff41454000 	/System/Library/PrivateFrameworks/AppleVA.framework/Versions/A/AppleVA
0x00007fff29110000 	/System/Library/Frameworks/Accelerate.framework/Versions/A/Frameworks/vImage.framework/Versions/A/Libraries/libCGInterfaces.dylib
0x000000011f06a000 	/usr/lib/libobjc-trampolines.dylib
0x00007fff49d41000 	/System/Library/PrivateFrameworks/FontServices.framework/libTrueTypeScaler.dylib
0x00007fff25e88000 	/System/Library/Extensions/AppleIntelKBLGraphicsMTLDriver.bundle/Contents/MacOS/AppleIntelKBLGraphicsMTLDriver
0x00007fff4d2ca000 	/System/Library/PrivateFrameworks/GPUCompiler.framework/Versions/3902/Libraries/libmetal_timestamp.dylib
0x00007fff6023e000 	/System/Library/PrivateFrameworks/ViewBridge.framework/Versions/A/ViewBridge
0x0000000134258000 	/Users/chelsealee/DHSCSA/DrawingBoard/libs/liblwjgl.dylib
0x000000013396e000 	/Library/Java/JavaVirtualMachines/jdk-14.0.1.jdk/Contents/Home/lib/libjawt.dylib
0x00007fff3802c000 	/System/Library/Frameworks/OpenGL.framework/Versions/A/Resources/GLEngine.bundle/GLEngine
0x00007fff3740f000 	/System/Library/Frameworks/OpenGL.framework/Versions/A/Libraries/libGLProgrammability.dylib
0x00007fff24e80000 	/System/Library/Extensions/AppleIntelKBLGraphicsGLDriver.bundle/Contents/MacOS/AppleIntelKBLGraphicsGLDriver
0x00007fff4e979000 	/System/Library/PrivateFrameworks/GPUSupport.framework/Versions/A/Libraries/libGPUSupportMercury.dylib
0x00007fff381a6000 	/System/Library/Frameworks/OpenGL.framework/Versions/A/Resources/GLRendererFloat.bundle/GLRendererFloat
0x00007fff369c8000 	/System/Library/Frameworks/OpenCL.framework/Versions/A/Libraries/libcldcpuengine.dylib
0x00007fff614d0000 	/System/Library/PrivateFrameworks/login.framework/Versions/A/login


VM Arguments:
jvm_args: -Djava.library.path=libs/ -javaagent:/Applications/IntelliJ IDEA CE.app/Contents/lib/idea_rt.jar=56362:/Applications/IntelliJ IDEA CE.app/Contents/bin -Dfile.encoding=UTF-8 
java_command: Main
java_class_path (initial): /Users/chelsealee/DHSCSA/DrawingBoard/out/production/DrawingBoard:/Users/chelsealee/Downloads/lwjgl-2.9.3/jar/lwjgl_util.jar:/Users/chelsealee/Downloads/lwjgl-2.9.3/jar/lwjgl.jar
Launcher Type: SUN_STANDARD

[Global flags]
     intx CICompilerCount                          = 3                                         {product} {ergonomic}
     uint ConcGCThreads                            = 1                                         {product} {ergonomic}
     uint G1ConcRefinementThreads                  = 4                                         {product} {ergonomic}
   size_t G1HeapRegionSize                         = 1048576                                   {product} {ergonomic}
    uintx GCDrainStackTargetSize                   = 64                                        {product} {ergonomic}
   size_t InitialHeapSize                          = 134217728                                 {product} {ergonomic}
   size_t MarkStackSize                            = 4194304                                   {product} {ergonomic}
   size_t MaxHeapSize                              = 2147483648                                {product} {ergonomic}
   size_t MaxNewSize                               = 1287651328                                {product} {ergonomic}
   size_t MinHeapDeltaBytes                        = 1048576                                   {product} {ergonomic}
   size_t MinHeapSize                              = 8388608                                   {product} {ergonomic}
    uintx NonNMethodCodeHeapSize                   = 5832780                                {pd product} {ergonomic}
    uintx NonProfiledCodeHeapSize                  = 122912730                              {pd product} {ergonomic}
    uintx ProfiledCodeHeapSize                     = 122912730                              {pd product} {ergonomic}
    uintx ReservedCodeCacheSize                    = 251658240                              {pd product} {ergonomic}
     bool SegmentedCodeCache                       = true                                      {product} {ergonomic}
   size_t SoftMaxHeapSize                          = 2147483648                             {manageable} {ergonomic}
     bool UseCompressedClassPointers               = true                                 {lp64_product} {ergonomic}
     bool UseCompressedOops                        = true                                 {lp64_product} {ergonomic}
     bool UseG1GC                                  = true                                      {product} {ergonomic}

Logging:
Log output configuration:
 #0: stdout all=warning uptime,level,tags
 #1: stderr all=off uptime,level,tags

Environment Variables:
PATH=/Library/Frameworks/Python.framework/Versions/3.8/bin:/usr/local/bin:/usr/bin:/bin:/usr/sbin:/sbin
SHELL=/bin/bash

Signal Handlers:
SIGSEGV: [libjvm.dylib+0x741570], sa_mask[0]=11111111011111110111111111111111, sa_flags=SA_ONSTACK|SA_RESTART|SA_SIGINFO
SIGBUS: [libjvm.dylib+0x741570], sa_mask[0]=11111111011111110111111111111111, sa_flags=SA_RESTART|SA_SIGINFO
SIGFPE: [libjvm.dylib+0x741570], sa_mask[0]=11111111011111110111111111111111, sa_flags=SA_RESTART|SA_SIGINFO
SIGPIPE: [libjvm.dylib+0x5eb393], sa_mask[0]=11111111011111110111111111111111, sa_flags=SA_RESTART|SA_SIGINFO
SIGXFSZ: [libjvm.dylib+0x5eb393], sa_mask[0]=11111111011111110111111111111111, sa_flags=SA_RESTART|SA_SIGINFO
SIGILL: [libjvm.dylib+0x741570], sa_mask[0]=11111111011111110111111111111111, sa_flags=SA_RESTART|SA_SIGINFO
SIGUSR2: [libjvm.dylib+0x5eb965], sa_mask[0]=00100000000000000000000000000000, sa_flags=SA_RESTART|SA_SIGINFO
SIGHUP: [libjvm.dylib+0x5ea9c7], sa_mask[0]=11111111011111110111111111111111, sa_flags=SA_RESTART|SA_SIGINFO
SIGINT: [libjvm.dylib+0x5ea9c7], sa_mask[0]=11111111011111110111111111111111, sa_flags=SA_RESTART|SA_SIGINFO
SIGTERM: [libjvm.dylib+0x5ea9c7], sa_mask[0]=11111111011111110111111111111111, sa_flags=SA_RESTART|SA_SIGINFO
SIGQUIT: [libjvm.dylib+0x5ea9c7], sa_mask[0]=11111111011111110111111111111111, sa_flags=SA_RESTART|SA_SIGINFO


---------------  S Y S T E M  ---------------

OS:uname:Darwin 19.6.0 Darwin Kernel Version 19.6.0: Tue Jan 12 22:13:05 PST 2021; root:xnu-6153.141.16~1/RELEASE_X86_64 x86_64
OS uptime: 4 days 8:33 hours
rlimit: STACK 8192k, CORE 0k, NPROC 1392, NOFILE 10240, AS infinity, DATA infinity, FSIZE infinity
load average:3.55 2.59 2.77

CPU:total 4 (initial active 4) (2 cores per cpu, 2 threads per core) family 6 model 142 stepping 9, cmov, cx8, fxsr, mmx, sse, sse2, sse3, ssse3, sse4.1, sse4.2, popcnt, avx, avx2, aes, clmul, erms, rtm, 3dnowpref, lzcnt, ht, tsc, tscinvbit, bmi1, bmi2, adx, fma

Memory: 4k page, physical 8388608k(153248k free), swap 3145728k(855552k free)

vm_info: Java HotSpot(TM) 64-Bit Server VM (14.0.1+7) for bsd-amd64 JRE (14.0.1+7), built on Mar  5 2020 10:34:17 by "mach5one" with clang 4.2.1 Compatible Apple LLVM 10.0.0 (clang-1000.11.45.5)

END.
